[0.000000] (-) TimerEvent: {}
[0.000102] (perception) JobQueued: {'identifier': 'perception', 'dependencies': OrderedDict()}
[0.000129] (planning) JobQueued: {'identifier': 'planning', 'dependencies': OrderedDict()}
[0.000239] (perception) JobStarted: {'identifier': 'perception'}
[0.097707] (-) TimerEvent: {}
[0.198188] (-) TimerEvent: {}
[0.259038] (planning) JobStarted: {'identifier': 'planning'}
[0.298312] (-) TimerEvent: {}
[0.398644] (-) TimerEvent: {}
[0.499047] (-) TimerEvent: {}
[0.599475] (-) TimerEvent: {}
[0.699819] (-) TimerEvent: {}
[0.800019] (-) TimerEvent: {}
[0.901903] (-) TimerEvent: {}
[1.002427] (-) TimerEvent: {}
[1.102661] (-) TimerEvent: {}
[1.202872] (-) TimerEvent: {}
[1.247222] (perception) Command: {'cmd': ['/usr/bin/python3', '-W', 'ignore:setup.py install is deprecated', '-W', 'ignore:easy_install command is deprecated', 'setup.py', 'egg_info', '--egg-base', '../../build/perception', 'build', '--build-base', '/home/cc/ee106a/sp26/class/ee106a-abh/final_project/project/build/perception/build', 'install', '--record', '/home/cc/ee106a/sp26/class/ee106a-abh/final_project/project/build/perception/install.log', '--single-version-externally-managed', 'install_data'], 'cwd': '/home/cc/ee106a/sp26/class/ee106a-abh/final_project/project/src/perception', 'env': {'ARCH': 'x86_64', 'QT_SCALE_FACTOR': '1', 'USER': 'ee106a-abh', 'HOSTNAME': 'ros2', 'XDG_SESSION_TYPE': 'x11', 'MASTERDIR': '/home/ff/ee106a', 'COMPIZ_CONFIG_PROFILE': 'mate', 'XDG_CACHE_HOME': '/home/cc/ee106a/sp26/class/ee106a-abh/.cache', 'SHLVL': '2', 'LD_LIBRARY_PATH': '/usr/lib/x86_64-linux-gnu/gazebo-11/plugins:/opt/ros/humble/opt/rviz_ogre_vendor/lib:/opt/ros/humble/lib/x86_64-linux-gnu:/opt/ros/humble/lib', 'HOME': '/home/cc/ee106a/sp26/class/ee106a-abh', 'OLDPWD': '/home/cc/ee106a/sp26/class/ee106a-abh/final_project', 'DESKTOP_SESSION': 'mate', 'ROS_PYTHON_VERSION': '3', 'GTK_MODULES': 'gail:atk-bridge:appmenu-gtk-module:gail:atk-bridge:canberra-gtk-module', 'EE106_UR_ROBOT_IP': '192.168.1.104', 'DISTROBOX_ENTER_PATH': '/usr/local/bin/distrobox-enter', 'SYSTEMD_EXEC_PID': '747633', 'NNTPSERVER': 'news.csua.berkeley.edu', 'VISUAL': 'emacs', 'XDG_STATE_HOME': '/home/cc/ee106a/sp26/class/ee106a-abh/.local/state', 'DBUS_SESSION_BUS_ADDRESS': 'unix:path=/run/user/34147/bus', 'COLORTERM': 'truecolor', 'container': 'podman', 'UBUNTU_MENUPROXY': '1', 'QT_QPA_PLATFORMTHEME': 'gtk2', 'COLCON_PREFIX_PATH': '/home/cc/ee106a/sp26/class/ee106a-abh/final_project/project/install:/home/ff/ee106a/robot_workspaces/ur/install', 'ROS_DISTRO': 'humble', 'GTK_IM_MODULE': 'ibus', 'LOGNAME': 'ee106a-abh', 'MASTER': 'ee106a', 'WINDOWID': '39845894', 'ROS_VERSION': '2', 'XDG_SESSION_CLASS': 'user', 'TERMINFO_DIRS': '/usr/share/terminfo:/run/host/usr/share/terminfo', 'USERNAME': 'ee106a-abh', 'TERM': 'xterm-256color', 'GTK_OVERLAY_SCROLLING': '0', 'XDG_SESSION_ID': '156679', 'ROS_LOCALHOST_ONLY': '0', 'WINDOWPATH': '2', 'PATH': '/opt/ros/humble/bin:/share/b/grading/bin:/home/ff/ee106a/bin:/home/ff/ee106a/bin/arch/x86_64:/share/b/grading/bin:/home/ff/ee106a/bin:/home/ff/ee106a/bin/arch/x86_64:/usr/local/sbin:/usr/local/bin:/usr/sbin:/usr/bin:/sbin:/bin:/usr/games:/usr/local/games:/snap/bin:/snap/bin:/share/b/grading/bin:/share/b/grading/sbin:/share/b/runas/x86_64:/share/b/bin:/home/ff/ee106a/venvs/all:/usr/local/sbin:/usr/local/bin:/usr/sbin:/usr/bin:/sbin:/bin:/share/b/grading/bin:/share/b/grading/sbin:/share/b/runas/x86_64:/share/b/bin:/home/ff/ee106a/venvs/all', 'SESSION_MANAGER': 'local/c105-10:@/tmp/.ICE-unix/747702,unix/c105-10:/tmp/.ICE-unix/747702', 'OS': 'Linux', 'XDG_RUNTIME_DIR': '/run/user/34147', 'DISPLAY': ':1', 'LANG': 'en_US.UTF-8', 'XDG_CURRENT_DESKTOP': 'MATE', 'XDG_DATA_HOME': '/home/cc/ee106a/sp26/class/ee106a-abh/.local/share', 'XDG_CONFIG_HOME': '/home/cc/ee106a/sp26/class/ee106a-abh/.config', 'XMODIFIERS': '@im=ibus', 'XDG_SESSION_DESKTOP': 'mate', 'XAUTHORITY': '/run/user/34147/gdm/Xauthority', 'SSH_AUTH_SOCK': '/run/user/34147/keyring/ssh', 'ROS_DOMAIN_ID': '30', 'AMENT_PREFIX_PATH': '/home/cc/ee106a/sp26/class/ee106a-abh/final_project/project/install/planning:/home/cc/ee106a/sp26/class/ee106a-abh/final_project/project/install/perception:/home/ff/ee106a/robot_workspaces/ur/install/ur7e_utils:/opt/ros/humble', 'SHELL': '/usr/bin/bash', 'QT_ACCESSIBILITY': '1', 'EE106_UR_ROBOT_NAME': 'number-5', 'GDMSESSION': 'mate', 'RUNAS': '/share/b/runas/x86_64', 'GPG_AGENT_INFO': '/run/user/34147/gnupg/S.gpg-agent:0:1', 'CONFIG_SHELL': '/usr/bin/ksh', 'QT_IM_MODULE': 'ibus', 'PWD': '/home/cc/ee106a/sp26/class/ee106a-abh/final_project/project/build/perception', 'EE106_ENV_SETUP': 'ur_ros2', 'CONTAINER_ID': 'ros2', 'LC_ALL': 'C.UTF-8', 'XDG_CONFIG_DIRS': '/etc/xdg/xdg-mate:/etc/xdg', 'CLUTTER_IM_MODULE': 'ibus', 'XDG_DATA_DIRS': '/usr/share/mate:/usr/share/mate:/usr/share/gnome:/home/cc/ee106a/sp26/class/ee106a-abh/.local/share/flatpak/exports/share:/var/lib/flatpak/exports/share:/usr/local/share/:/usr/share/:/var/lib/snapd/desktop:/usr/local/share:/usr/share', 'PYTHONPATH': '/home/cc/ee106a/sp26/class/ee106a-abh/final_project/project/build/perception/prefix_override:/usr/lib/python3/dist-packages/colcon_core/task/python/colcon_distutils_commands:/home/cc/ee106a/sp26/class/ee106a-abh/final_project/project/install/perception/lib/python3.10/site-packages:/home/cc/ee106a/sp26/class/ee106a-abh/final_project/project/install/planning/lib/python3.10/site-packages:/home/cc/ee106a/sp26/class/ee106a-abh/final_project/project/install/perception/lib/python3.10/site-packages:/home/ff/ee106a/robot_workspaces/ur/install/ur7e_utils/lib/python3.10/site-packages:/opt/ros/humble/lib/python3.10/site-packages:/opt/ros/humble/local/lib/python3.10/dist-packages', 'MATE_DESKTOP_SESSION_ID': 'this-is-deprecated', 'COLCON': '1', 'MANPATH': '/usr/local/man:/usr/man:/usr/X11/man:/usr/local/man:/share/b/grading/man:/usr/local/man:/usr/man:/usr/X11/man:/usr/local/man:/share/b/grading/man:', 'VTE_VERSION': '6800', 'EDITOR': 'emacs', 'QT_FONT_DPI': '122'}, 'shell': False}
[1.256560] (planning) Command: {'cmd': ['/usr/bin/python3', '-W', 'ignore:setup.py install is deprecated', '-W', 'ignore:easy_install command is deprecated', 'setup.py', 'egg_info', '--egg-base', '../../build/planning', 'build', '--build-base', '/home/cc/ee106a/sp26/class/ee106a-abh/final_project/project/build/planning/build', 'install', '--record', '/home/cc/ee106a/sp26/class/ee106a-abh/final_project/project/build/planning/install.log', '--single-version-externally-managed', 'install_data'], 'cwd': '/home/cc/ee106a/sp26/class/ee106a-abh/final_project/project/src/planning', 'env': {'ARCH': 'x86_64', 'QT_SCALE_FACTOR': '1', 'USER': 'ee106a-abh', 'HOSTNAME': 'ros2', 'XDG_SESSION_TYPE': 'x11', 'MASTERDIR': '/home/ff/ee106a', 'COMPIZ_CONFIG_PROFILE': 'mate', 'XDG_CACHE_HOME': '/home/cc/ee106a/sp26/class/ee106a-abh/.cache', 'SHLVL': '2', 'LD_LIBRARY_PATH': '/usr/lib/x86_64-linux-gnu/gazebo-11/plugins:/opt/ros/humble/opt/rviz_ogre_vendor/lib:/opt/ros/humble/lib/x86_64-linux-gnu:/opt/ros/humble/lib', 'HOME': '/home/cc/ee106a/sp26/class/ee106a-abh', 'OLDPWD': '/home/cc/ee106a/sp26/class/ee106a-abh/final_project', 'DESKTOP_SESSION': 'mate', 'ROS_PYTHON_VERSION': '3', 'GTK_MODULES': 'gail:atk-bridge:appmenu-gtk-module:gail:atk-bridge:canberra-gtk-module', 'EE106_UR_ROBOT_IP': '192.168.1.104', 'DISTROBOX_ENTER_PATH': '/usr/local/bin/distrobox-enter', 'SYSTEMD_EXEC_PID': '747633', 'NNTPSERVER': 'news.csua.berkeley.edu', 'VISUAL': 'emacs', 'XDG_STATE_HOME': '/home/cc/ee106a/sp26/class/ee106a-abh/.local/state', 'DBUS_SESSION_BUS_ADDRESS': 'unix:path=/run/user/34147/bus', 'COLORTERM': 'truecolor', 'container': 'podman', 'UBUNTU_MENUPROXY': '1', 'QT_QPA_PLATFORMTHEME': 'gtk2', 'COLCON_PREFIX_PATH': '/home/cc/ee106a/sp26/class/ee106a-abh/final_project/project/install:/home/ff/ee106a/robot_workspaces/ur/install', 'ROS_DISTRO': 'humble', 'GTK_IM_MODULE': 'ibus', 'LOGNAME': 'ee106a-abh', 'MASTER': 'ee106a', 'WINDOWID': '39845894', 'ROS_VERSION': '2', 'XDG_SESSION_CLASS': 'user', 'TERMINFO_DIRS': '/usr/share/terminfo:/run/host/usr/share/terminfo', 'USERNAME': 'ee106a-abh', 'TERM': 'xterm-256color', 'GTK_OVERLAY_SCROLLING': '0', 'XDG_SESSION_ID': '156679', 'ROS_LOCALHOST_ONLY': '0', 'WINDOWPATH': '2', 'PATH': '/opt/ros/humble/bin:/share/b/grading/bin:/home/ff/ee106a/bin:/home/ff/ee106a/bin/arch/x86_64:/share/b/grading/bin:/home/ff/ee106a/bin:/home/ff/ee106a/bin/arch/x86_64:/usr/local/sbin:/usr/local/bin:/usr/sbin:/usr/bin:/sbin:/bin:/usr/games:/usr/local/games:/snap/bin:/snap/bin:/share/b/grading/bin:/share/b/grading/sbin:/share/b/runas/x86_64:/share/b/bin:/home/ff/ee106a/venvs/all:/usr/local/sbin:/usr/local/bin:/usr/sbin:/usr/bin:/sbin:/bin:/share/b/grading/bin:/share/b/grading/sbin:/share/b/runas/x86_64:/share/b/bin:/home/ff/ee106a/venvs/all', 'SESSION_MANAGER': 'local/c105-10:@/tmp/.ICE-unix/747702,unix/c105-10:/tmp/.ICE-unix/747702', 'OS': 'Linux', 'XDG_RUNTIME_DIR': '/run/user/34147', 'DISPLAY': ':1', 'LANG': 'en_US.UTF-8', 'XDG_CURRENT_DESKTOP': 'MATE', 'XDG_DATA_HOME': '/home/cc/ee106a/sp26/class/ee106a-abh/.local/share', 'XDG_CONFIG_HOME': '/home/cc/ee106a/sp26/class/ee106a-abh/.config', 'XMODIFIERS': '@im=ibus', 'XDG_SESSION_DESKTOP': 'mate', 'XAUTHORITY': '/run/user/34147/gdm/Xauthority', 'SSH_AUTH_SOCK': '/run/user/34147/keyring/ssh', 'ROS_DOMAIN_ID': '30', 'AMENT_PREFIX_PATH': '/home/cc/ee106a/sp26/class/ee106a-abh/final_project/project/install/planning:/home/cc/ee106a/sp26/class/ee106a-abh/final_project/project/install/perception:/home/ff/ee106a/robot_workspaces/ur/install/ur7e_utils:/opt/ros/humble', 'SHELL': '/usr/bin/bash', 'QT_ACCESSIBILITY': '1', 'EE106_UR_ROBOT_NAME': 'number-5', 'GDMSESSION': 'mate', 'RUNAS': '/share/b/runas/x86_64', 'GPG_AGENT_INFO': '/run/user/34147/gnupg/S.gpg-agent:0:1', 'CONFIG_SHELL': '/usr/bin/ksh', 'QT_IM_MODULE': 'ibus', 'PWD': '/home/cc/ee106a/sp26/class/ee106a-abh/final_project/project/build/planning', 'EE106_ENV_SETUP': 'ur_ros2', 'CONTAINER_ID': 'ros2', 'LC_ALL': 'C.UTF-8', 'XDG_CONFIG_DIRS': '/etc/xdg/xdg-mate:/etc/xdg', 'CLUTTER_IM_MODULE': 'ibus', 'XDG_DATA_DIRS': '/usr/share/mate:/usr/share/mate:/usr/share/gnome:/home/cc/ee106a/sp26/class/ee106a-abh/.local/share/flatpak/exports/share:/var/lib/flatpak/exports/share:/usr/local/share/:/usr/share/:/var/lib/snapd/desktop:/usr/local/share:/usr/share', 'PYTHONPATH': '/home/cc/ee106a/sp26/class/ee106a-abh/final_project/project/build/planning/prefix_override:/usr/lib/python3/dist-packages/colcon_core/task/python/colcon_distutils_commands:/home/cc/ee106a/sp26/class/ee106a-abh/final_project/project/install/planning/lib/python3.10/site-packages:/home/cc/ee106a/sp26/class/ee106a-abh/final_project/project/install/planning/lib/python3.10/site-packages:/home/cc/ee106a/sp26/class/ee106a-abh/final_project/project/install/perception/lib/python3.10/site-packages:/home/ff/ee106a/robot_workspaces/ur/install/ur7e_utils/lib/python3.10/site-packages:/opt/ros/humble/lib/python3.10/site-packages:/opt/ros/humble/local/lib/python3.10/dist-packages', 'MATE_DESKTOP_SESSION_ID': 'this-is-deprecated', 'COLCON': '1', 'MANPATH': '/usr/local/man:/usr/man:/usr/X11/man:/usr/local/man:/share/b/grading/man:/usr/local/man:/usr/man:/usr/X11/man:/usr/local/man:/share/b/grading/man:', 'VTE_VERSION': '6800', 'EDITOR': 'emacs', 'QT_FONT_DPI': '122'}, 'shell': False}
[1.302943] (-) TimerEvent: {}
[1.403100] (-) TimerEvent: {}
[1.451874] (perception) StdoutLine: {'line': b'running egg_info\n'}
[1.452936] (perception) StdoutLine: {'line': b'writing ../../build/perception/perception.egg-info/PKG-INFO\n'}
[1.456591] (perception) StdoutLine: {'line': b'writing dependency_links to ../../build/perception/perception.egg-info/dependency_links.txt\n'}
[1.456773] (planning) StdoutLine: {'line': b'running egg_info\n'}
[1.457743] (planning) StdoutLine: {'line': b'writing ../../build/planning/planning.egg-info/PKG-INFO\n'}
[1.459679] (perception) StdoutLine: {'line': b'writing entry points to ../../build/perception/perception.egg-info/entry_points.txt\n'}
[1.461872] (planning) StdoutLine: {'line': b'writing dependency_links to ../../build/planning/planning.egg-info/dependency_links.txt\n'}
[1.462824] (perception) StdoutLine: {'line': b'writing requirements to ../../build/perception/perception.egg-info/requires.txt\n'}
[1.465009] (planning) StdoutLine: {'line': b'writing entry points to ../../build/planning/planning.egg-info/entry_points.txt\n'}
[1.465344] (perception) StdoutLine: {'line': b'writing top-level names to ../../build/perception/perception.egg-info/top_level.txt\n'}
[1.468026] (planning) StdoutLine: {'line': b'writing requirements to ../../build/planning/planning.egg-info/requires.txt\n'}
[1.470201] (planning) StdoutLine: {'line': b'writing top-level names to ../../build/planning/planning.egg-info/top_level.txt\n'}
[1.472148] (perception) StdoutLine: {'line': b"reading manifest file '../../build/perception/perception.egg-info/SOURCES.txt'\n"}
[1.475273] (perception) StdoutLine: {'line': b"writing manifest file '../../build/perception/perception.egg-info/SOURCES.txt'\n"}
[1.477669] (perception) StdoutLine: {'line': b'running build\n'}
[1.477841] (perception) StdoutLine: {'line': b'running build_py\n'}
[1.477903] (planning) StdoutLine: {'line': b"reading manifest file '../../build/planning/planning.egg-info/SOURCES.txt'\n"}
[1.478814] (perception) StdoutLine: {'line': b'running install\n'}
[1.480177] (perception) StdoutLine: {'line': b'running install_lib\n'}
[1.481412] (planning) StdoutLine: {'line': b"writing manifest file '../../build/planning/planning.egg-info/SOURCES.txt'\n"}
[1.482167] (perception) StdoutLine: {'line': b'running install_data\n'}
[1.482353] (perception) StdoutLine: {'line': b'running install_egg_info\n'}
[1.482951] (planning) StdoutLine: {'line': b'running build\n'}
[1.484412] (planning) StdoutLine: {'line': b'running build_py\n'}
[1.485015] (planning) StdoutLine: {'line': b'copying planning/main.py -> /home/cc/ee106a/sp26/class/ee106a-abh/final_project/project/build/planning/build/lib/planning\n'}
[1.485754] (perception) StdoutLine: {'line': b"removing '/home/cc/ee106a/sp26/class/ee106a-abh/final_project/project/install/perception/lib/python3.10/site-packages/perception-0.0.0-py3.10.egg-info' (and everything under it)\n"}
[1.492034] (planning) StdoutLine: {'line': b'running install\n'}
[1.492659] (planning) StdoutLine: {'line': b'running install_lib\n'}
[1.494854] (perception) StdoutLine: {'line': b'Copying ../../build/perception/perception.egg-info to /home/cc/ee106a/sp26/class/ee106a-abh/final_project/project/install/perception/lib/python3.10/site-packages/perception-0.0.0-py3.10.egg-info\n'}
[1.496297] (planning) StdoutLine: {'line': b'copying /home/cc/ee106a/sp26/class/ee106a-abh/final_project/project/build/planning/build/lib/planning/main.py -> /home/cc/ee106a/sp26/class/ee106a-abh/final_project/project/install/planning/lib/python3.10/site-packages/planning\n'}
[1.503170] (-) TimerEvent: {}
[1.507261] (planning) StdoutLine: {'line': b'byte-compiling /home/cc/ee106a/sp26/class/ee106a-abh/final_project/project/install/planning/lib/python3.10/site-packages/planning/main.py to main.cpython-310.pyc\n'}
[1.519682] (planning) StdoutLine: {'line': b'running install_data\n'}
[1.519980] (planning) StdoutLine: {'line': b'running install_egg_info\n'}
[1.523711] (planning) StdoutLine: {'line': b"removing '/home/cc/ee106a/sp26/class/ee106a-abh/final_project/project/install/planning/lib/python3.10/site-packages/planning-0.0.0-py3.10.egg-info' (and everything under it)\n"}
[1.531680] (planning) StdoutLine: {'line': b'Copying ../../build/planning/planning.egg-info to /home/cc/ee106a/sp26/class/ee106a-abh/final_project/project/install/planning/lib/python3.10/site-packages/planning-0.0.0-py3.10.egg-info\n'}
[1.556252] (perception) StdoutLine: {'line': b'running install_scripts\n'}
[1.584770] (planning) StdoutLine: {'line': b'running install_scripts\n'}
[1.590604] (perception) StdoutLine: {'line': b'Installing interactive_plane script to /home/cc/ee106a/sp26/class/ee106a-abh/final_project/project/install/perception/lib/perception\n'}
[1.594022] (perception) StdoutLine: {'line': b'Installing process_pointcloud script to /home/cc/ee106a/sp26/class/ee106a-abh/final_project/project/install/perception/lib/perception\n'}
[1.597674] (perception) StdoutLine: {'line': b"writing list of installed files to '/home/cc/ee106a/sp26/class/ee106a-abh/final_project/project/build/perception/install.log'\n"}
[1.602839] (planning) StdoutLine: {'line': b'Installing gripper script to /home/cc/ee106a/sp26/class/ee106a-abh/final_project/project/install/planning/lib/planning\n'}
[1.603223] (-) TimerEvent: {}
[1.606072] (planning) StdoutLine: {'line': b'Installing ik script to /home/cc/ee106a/sp26/class/ee106a-abh/final_project/project/install/planning/lib/planning\n'}
[1.609151] (planning) StdoutLine: {'line': b'Installing main script to /home/cc/ee106a/sp26/class/ee106a-abh/final_project/project/install/planning/lib/planning\n'}
[1.612290] (planning) StdoutLine: {'line': b'Installing tf script to /home/cc/ee106a/sp26/class/ee106a-abh/final_project/project/install/planning/lib/planning\n'}
[1.615318] (planning) StdoutLine: {'line': b'Installing transform_cube_pose script to /home/cc/ee106a/sp26/class/ee106a-abh/final_project/project/install/planning/lib/planning\n'}
[1.618832] (planning) StdoutLine: {'line': b"writing list of installed files to '/home/cc/ee106a/sp26/class/ee106a-abh/final_project/project/build/planning/install.log'\n"}
[1.622566] (perception) CommandEnded: {'returncode': 0}
[1.669970] (perception) JobEnded: {'identifier': 'perception', 'rc': 0}
[1.676612] (planning) CommandEnded: {'returncode': 0}
[1.703349] (-) TimerEvent: {}
[1.730566] (planning) JobEnded: {'identifier': 'planning', 'rc': 0}
[1.736105] (-) EventReactorShutdown: {}
