[1.143s] Invoking command in '/home/cc/ee106a/sp26/class/ee106a-abh/final_project/project/src/perception': PYTHONPATH=/home/cc/ee106a/sp26/class/ee106a-abh/final_project/project/build/perception/prefix_override:/usr/lib/python3/dist-packages/colcon_core/task/python/colcon_distutils_commands:/home/cc/ee106a/sp26/class/ee106a-abh/final_project/project/install/perception/lib/python3.10/site-packages:${PYTHONPATH} /usr/bin/python3 -W ignore:setup.py install is deprecated -W ignore:easy_install command is deprecated setup.py egg_info --egg-base ../../build/perception build --build-base /home/cc/ee106a/sp26/class/ee106a-abh/final_project/project/build/perception/build install --record /home/cc/ee106a/sp26/class/ee106a-abh/final_project/project/build/perception/install.log --single-version-externally-managed install_data
[1.329s] running egg_info
[1.330s] creating ../../build/perception/perception.egg-info
[1.331s] writing ../../build/perception/perception.egg-info/PKG-INFO
[1.334s] writing dependency_links to ../../build/perception/perception.egg-info/dependency_links.txt
[1.337s] writing entry points to ../../build/perception/perception.egg-info/entry_points.txt
[1.339s] writing requirements to ../../build/perception/perception.egg-info/requires.txt
[1.340s] writing top-level names to ../../build/perception/perception.egg-info/top_level.txt
[1.342s] writing manifest file '../../build/perception/perception.egg-info/SOURCES.txt'
[1.349s] reading manifest file '../../build/perception/perception.egg-info/SOURCES.txt'
[1.351s] writing manifest file '../../build/perception/perception.egg-info/SOURCES.txt'
[1.352s] running build
[1.353s] running build_py
[1.354s] creating /home/cc/ee106a/sp26/class/ee106a-abh/final_project/project/build/perception/build
[1.355s] creating /home/cc/ee106a/sp26/class/ee106a-abh/final_project/project/build/perception/build/lib
[1.356s] creating /home/cc/ee106a/sp26/class/ee106a-abh/final_project/project/build/perception/build/lib/perception
[1.356s] copying perception/__init__.py -> /home/cc/ee106a/sp26/class/ee106a-abh/final_project/project/build/perception/build/lib/perception
[1.358s] running install
[1.358s] running install_lib
[1.361s] creating /home/cc/ee106a/sp26/class/ee106a-abh/final_project/project/install/perception/lib/python3.10/site-packages/perception
[1.363s] copying /home/cc/ee106a/sp26/class/ee106a-abh/final_project/project/build/perception/build/lib/perception/__init__.py -> /home/cc/ee106a/sp26/class/ee106a-abh/final_project/project/install/perception/lib/python3.10/site-packages/perception
[1.366s] byte-compiling /home/cc/ee106a/sp26/class/ee106a-abh/final_project/project/install/perception/lib/python3.10/site-packages/perception/__init__.py to __init__.cpython-310.pyc
[1.375s] running install_data
[1.377s] creating /home/cc/ee106a/sp26/class/ee106a-abh/final_project/project/install/perception/share/ament_index
[1.377s] creating /home/cc/ee106a/sp26/class/ee106a-abh/final_project/project/install/perception/share/ament_index/resource_index
[1.379s] creating /home/cc/ee106a/sp26/class/ee106a-abh/final_project/project/install/perception/share/ament_index/resource_index/packages
[1.379s] copying resource/perception -> /home/cc/ee106a/sp26/class/ee106a-abh/final_project/project/install/perception/share/ament_index/resource_index/packages
[1.383s] copying package.xml -> /home/cc/ee106a/sp26/class/ee106a-abh/final_project/project/install/perception/share/perception
[1.387s] running install_egg_info
[1.391s] Copying ../../build/perception/perception.egg-info to /home/cc/ee106a/sp26/class/ee106a-abh/final_project/project/install/perception/lib/python3.10/site-packages/perception-0.0.0-py3.10.egg-info
[1.427s] running install_scripts
[1.692s] writing list of installed files to '/home/cc/ee106a/sp26/class/ee106a-abh/final_project/project/build/perception/install.log'
[1.778s] Invoked command in '/home/cc/ee106a/sp26/class/ee106a-abh/final_project/project/src/perception' returned '0': PYTHONPATH=/home/cc/ee106a/sp26/class/ee106a-abh/final_project/project/build/perception/prefix_override:/usr/lib/python3/dist-packages/colcon_core/task/python/colcon_distutils_commands:/home/cc/ee106a/sp26/class/ee106a-abh/final_project/project/install/perception/lib/python3.10/site-packages:${PYTHONPATH} /usr/bin/python3 -W ignore:setup.py install is deprecated -W ignore:easy_install command is deprecated setup.py egg_info --egg-base ../../build/perception build --build-base /home/cc/ee106a/sp26/class/ee106a-abh/final_project/project/build/perception/build install --record /home/cc/ee106a/sp26/class/ee106a-abh/final_project/project/build/perception/install.log --single-version-externally-managed install_data
