[0.843s] Invoking command in '/home/cc/ee106a/sp26/class/ee106a-abh/final_project/lab5/src/planning': PYTHONPATH=/home/cc/ee106a/sp26/class/ee106a-abh/final_project/lab5/build/planning/prefix_override:/usr/lib/python3/dist-packages/colcon_core/task/python/colcon_distutils_commands:/home/cc/ee106a/sp26/class/ee106a-abh/final_project/lab5/install/planning/lib/python3.10/site-packages:${PYTHONPATH} /usr/bin/python3 -W ignore:setup.py install is deprecated -W ignore:easy_install command is deprecated setup.py egg_info --egg-base ../../build/planning build --build-base /home/cc/ee106a/sp26/class/ee106a-abh/final_project/lab5/build/planning/build install --record /home/cc/ee106a/sp26/class/ee106a-abh/final_project/lab5/build/planning/install.log --single-version-externally-managed install_data
[1.034s] running egg_info
[1.035s] writing ../../build/planning/planning.egg-info/PKG-INFO
[1.038s] writing dependency_links to ../../build/planning/planning.egg-info/dependency_links.txt
[1.039s] writing entry points to ../../build/planning/planning.egg-info/entry_points.txt
[1.041s] writing requirements to ../../build/planning/planning.egg-info/requires.txt
[1.043s] writing top-level names to ../../build/planning/planning.egg-info/top_level.txt
[1.048s] reading manifest file '../../build/planning/planning.egg-info/SOURCES.txt'
[1.050s] writing manifest file '../../build/planning/planning.egg-info/SOURCES.txt'
[1.050s] running build
[1.050s] running build_py
[1.053s] running install
[1.053s] running install_lib
[1.055s] running install_data
[1.056s] running install_egg_info
[1.058s] removing '/home/cc/ee106a/sp26/class/ee106a-abh/final_project/lab5/install/planning/lib/python3.10/site-packages/planning-0.0.0-py3.10.egg-info' (and everything under it)
[1.063s] Copying ../../build/planning/planning.egg-info to /home/cc/ee106a/sp26/class/ee106a-abh/final_project/lab5/install/planning/lib/python3.10/site-packages/planning-0.0.0-py3.10.egg-info
[1.091s] running install_scripts
[1.112s] Installing gripper script to /home/cc/ee106a/sp26/class/ee106a-abh/final_project/lab5/install/planning/lib/planning
[1.114s] Installing ik script to /home/cc/ee106a/sp26/class/ee106a-abh/final_project/lab5/install/planning/lib/planning
[1.116s] Installing main script to /home/cc/ee106a/sp26/class/ee106a-abh/final_project/lab5/install/planning/lib/planning
[1.118s] Installing tf script to /home/cc/ee106a/sp26/class/ee106a-abh/final_project/lab5/install/planning/lib/planning
[1.120s] Installing transform_cube_pose script to /home/cc/ee106a/sp26/class/ee106a-abh/final_project/lab5/install/planning/lib/planning
[1.122s] writing list of installed files to '/home/cc/ee106a/sp26/class/ee106a-abh/final_project/lab5/build/planning/install.log'
[1.159s] Invoked command in '/home/cc/ee106a/sp26/class/ee106a-abh/final_project/lab5/src/planning' returned '0': PYTHONPATH=/home/cc/ee106a/sp26/class/ee106a-abh/final_project/lab5/build/planning/prefix_override:/usr/lib/python3/dist-packages/colcon_core/task/python/colcon_distutils_commands:/home/cc/ee106a/sp26/class/ee106a-abh/final_project/lab5/install/planning/lib/python3.10/site-packages:${PYTHONPATH} /usr/bin/python3 -W ignore:setup.py install is deprecated -W ignore:easy_install command is deprecated setup.py egg_info --egg-base ../../build/planning build --build-base /home/cc/ee106a/sp26/class/ee106a-abh/final_project/lab5/build/planning/build install --record /home/cc/ee106a/sp26/class/ee106a-abh/final_project/lab5/build/planning/install.log --single-version-externally-managed install_data
