[0.906s] Invoking command in '/home/cc/ee106a/sp26/class/ee106a-abh/final_project/project/src/planning': PYTHONPATH=/home/cc/ee106a/sp26/class/ee106a-abh/final_project/project/build/planning/prefix_override:/usr/lib/python3/dist-packages/colcon_core/task/python/colcon_distutils_commands:/home/cc/ee106a/sp26/class/ee106a-abh/final_project/project/install/planning/lib/python3.10/site-packages:${PYTHONPATH} /usr/bin/python3 -W ignore:setup.py install is deprecated -W ignore:easy_install command is deprecated setup.py egg_info --egg-base ../../build/planning build --build-base /home/cc/ee106a/sp26/class/ee106a-abh/final_project/project/build/planning/build install --record /home/cc/ee106a/sp26/class/ee106a-abh/final_project/project/build/planning/install.log --single-version-externally-managed install_data
[1.106s] running egg_info
[1.107s] writing ../../build/planning/planning.egg-info/PKG-INFO
[1.111s] writing dependency_links to ../../build/planning/planning.egg-info/dependency_links.txt
[1.115s] writing entry points to ../../build/planning/planning.egg-info/entry_points.txt
[1.118s] writing requirements to ../../build/planning/planning.egg-info/requires.txt
[1.120s] writing top-level names to ../../build/planning/planning.egg-info/top_level.txt
[1.130s] reading manifest file '../../build/planning/planning.egg-info/SOURCES.txt'
[1.132s] writing manifest file '../../build/planning/planning.egg-info/SOURCES.txt'
[1.136s] running build
[1.136s] running build_py
[1.139s] running install
[1.139s] running install_lib
[1.143s] running install_data
[1.146s] running install_egg_info
[1.147s] removing '/home/cc/ee106a/sp26/class/ee106a-abh/final_project/project/install/planning/lib/python3.10/site-packages/planning-0.0.0-py3.10.egg-info' (and everything under it)
[1.155s] Copying ../../build/planning/planning.egg-info to /home/cc/ee106a/sp26/class/ee106a-abh/final_project/project/install/planning/lib/python3.10/site-packages/planning-0.0.0-py3.10.egg-info
[1.193s] running install_scripts
[1.210s] Installing gripper script to /home/cc/ee106a/sp26/class/ee106a-abh/final_project/project/install/planning/lib/planning
[1.213s] Installing ik script to /home/cc/ee106a/sp26/class/ee106a-abh/final_project/project/install/planning/lib/planning
[1.216s] Installing main script to /home/cc/ee106a/sp26/class/ee106a-abh/final_project/project/install/planning/lib/planning
[1.220s] Installing tf script to /home/cc/ee106a/sp26/class/ee106a-abh/final_project/project/install/planning/lib/planning
[1.222s] Installing transform_cube_pose script to /home/cc/ee106a/sp26/class/ee106a-abh/final_project/project/install/planning/lib/planning
[1.225s] writing list of installed files to '/home/cc/ee106a/sp26/class/ee106a-abh/final_project/project/build/planning/install.log'
[1.277s] Invoked command in '/home/cc/ee106a/sp26/class/ee106a-abh/final_project/project/src/planning' returned '0': PYTHONPATH=/home/cc/ee106a/sp26/class/ee106a-abh/final_project/project/build/planning/prefix_override:/usr/lib/python3/dist-packages/colcon_core/task/python/colcon_distutils_commands:/home/cc/ee106a/sp26/class/ee106a-abh/final_project/project/install/planning/lib/python3.10/site-packages:${PYTHONPATH} /usr/bin/python3 -W ignore:setup.py install is deprecated -W ignore:easy_install command is deprecated setup.py egg_info --egg-base ../../build/planning build --build-base /home/cc/ee106a/sp26/class/ee106a-abh/final_project/project/build/planning/build install --record /home/cc/ee106a/sp26/class/ee106a-abh/final_project/project/build/planning/install.log --single-version-externally-managed install_data
