[1.102s] Invoking command in '/home/cc/ee106a/sp26/class/ee106a-abh/final_project/project/src/planning': PYTHONPATH=/home/cc/ee106a/sp26/class/ee106a-abh/final_project/project/build/planning/prefix_override:/usr/lib/python3/dist-packages/colcon_core/task/python/colcon_distutils_commands:/home/cc/ee106a/sp26/class/ee106a-abh/final_project/project/install/planning/lib/python3.10/site-packages:${PYTHONPATH} /usr/bin/python3 -W ignore:setup.py install is deprecated -W ignore:easy_install command is deprecated setup.py egg_info --egg-base ../../build/planning build --build-base /home/cc/ee106a/sp26/class/ee106a-abh/final_project/project/build/planning/build install --record /home/cc/ee106a/sp26/class/ee106a-abh/final_project/project/build/planning/install.log --single-version-externally-managed install_data
[1.294s] running egg_info
[1.294s] creating ../../build/planning/planning.egg-info
[1.294s] writing ../../build/planning/planning.egg-info/PKG-INFO
[1.298s] writing dependency_links to ../../build/planning/planning.egg-info/dependency_links.txt
[1.301s] writing entry points to ../../build/planning/planning.egg-info/entry_points.txt
[1.303s] writing requirements to ../../build/planning/planning.egg-info/requires.txt
[1.304s] writing top-level names to ../../build/planning/planning.egg-info/top_level.txt
[1.306s] writing manifest file '../../build/planning/planning.egg-info/SOURCES.txt'
[1.312s] reading manifest file '../../build/planning/planning.egg-info/SOURCES.txt'
[1.315s] writing manifest file '../../build/planning/planning.egg-info/SOURCES.txt'
[1.317s] running build
[1.317s] running build_py
[1.319s] creating /home/cc/ee106a/sp26/class/ee106a-abh/final_project/project/build/planning/build
[1.319s] creating /home/cc/ee106a/sp26/class/ee106a-abh/final_project/project/build/planning/build/lib
[1.319s] creating /home/cc/ee106a/sp26/class/ee106a-abh/final_project/project/build/planning/build/lib/planning
[1.319s] copying planning/__init__.py -> /home/cc/ee106a/sp26/class/ee106a-abh/final_project/project/build/planning/build/lib/planning
[1.322s] running install
[1.323s] running install_lib
[1.326s] creating /home/cc/ee106a/sp26/class/ee106a-abh/final_project/project/install/planning/lib/python3.10/site-packages/planning
[1.328s] copying /home/cc/ee106a/sp26/class/ee106a-abh/final_project/project/build/planning/build/lib/planning/__init__.py -> /home/cc/ee106a/sp26/class/ee106a-abh/final_project/project/install/planning/lib/python3.10/site-packages/planning
[1.331s] byte-compiling /home/cc/ee106a/sp26/class/ee106a-abh/final_project/project/install/planning/lib/python3.10/site-packages/planning/__init__.py to __init__.cpython-310.pyc
[1.338s] running install_data
[1.339s] creating /home/cc/ee106a/sp26/class/ee106a-abh/final_project/project/install/planning/share/ament_index
[1.340s] creating /home/cc/ee106a/sp26/class/ee106a-abh/final_project/project/install/planning/share/ament_index/resource_index
[1.342s] creating /home/cc/ee106a/sp26/class/ee106a-abh/final_project/project/install/planning/share/ament_index/resource_index/packages
[1.342s] copying resource/planning -> /home/cc/ee106a/sp26/class/ee106a-abh/final_project/project/install/planning/share/ament_index/resource_index/packages
[1.347s] copying package.xml -> /home/cc/ee106a/sp26/class/ee106a-abh/final_project/project/install/planning/share/planning
[1.351s] running install_egg_info
[1.356s] Copying ../../build/planning/planning.egg-info to /home/cc/ee106a/sp26/class/ee106a-abh/final_project/project/install/planning/lib/python3.10/site-packages/planning-0.0.0-py3.10.egg-info
[1.391s] running install_scripts
[1.655s] writing list of installed files to '/home/cc/ee106a/sp26/class/ee106a-abh/final_project/project/build/planning/install.log'
[1.674s] Invoked command in '/home/cc/ee106a/sp26/class/ee106a-abh/final_project/project/src/planning' returned '0': PYTHONPATH=/home/cc/ee106a/sp26/class/ee106a-abh/final_project/project/build/planning/prefix_override:/usr/lib/python3/dist-packages/colcon_core/task/python/colcon_distutils_commands:/home/cc/ee106a/sp26/class/ee106a-abh/final_project/project/install/planning/lib/python3.10/site-packages:${PYTHONPATH} /usr/bin/python3 -W ignore:setup.py install is deprecated -W ignore:easy_install command is deprecated setup.py egg_info --egg-base ../../build/planning build --build-base /home/cc/ee106a/sp26/class/ee106a-abh/final_project/project/build/planning/build install --record /home/cc/ee106a/sp26/class/ee106a-abh/final_project/project/build/planning/install.log --single-version-externally-managed install_data
