[1.444s] Invoking command in '/home/varin/106a/project/src/perception': PYTHONPATH=/home/varin/106a/project/build/perception/prefix_override:/usr/lib/python3/dist-packages/colcon_core/task/python/colcon_distutils_commands:/home/varin/106a/project/install/perception/lib/python3.10/site-packages:${PYTHONPATH} /usr/bin/python3 -W ignore:setup.py install is deprecated -W ignore:easy_install command is deprecated setup.py egg_info --egg-base ../../build/perception build --build-base /home/varin/106a/project/build/perception/build install --record /home/varin/106a/project/build/perception/install.log --single-version-externally-managed install_data
[1.690s] running egg_info
[1.691s] writing ../../build/perception/perception.egg-info/PKG-INFO
[1.691s] writing dependency_links to ../../build/perception/perception.egg-info/dependency_links.txt
[1.692s] writing entry points to ../../build/perception/perception.egg-info/entry_points.txt
[1.692s] writing requirements to ../../build/perception/perception.egg-info/requires.txt
[1.693s] writing top-level names to ../../build/perception/perception.egg-info/top_level.txt
[1.695s] reading manifest file '../../build/perception/perception.egg-info/SOURCES.txt'
[1.697s] writing manifest file '../../build/perception/perception.egg-info/SOURCES.txt'
[1.697s] running build
[1.697s] running build_py
[1.698s] copying perception/process_pointcloud.py -> /home/varin/106a/project/build/perception/build/lib/perception
[1.699s] running install
[1.699s] running install_lib
[1.700s] copying /home/varin/106a/project/build/perception/build/lib/perception/process_pointcloud.py -> /home/varin/106a/project/install/perception/lib/python3.10/site-packages/perception
[1.703s] byte-compiling /home/varin/106a/project/install/perception/lib/python3.10/site-packages/perception/__init__.py to __init__.cpython-310.pyc
[1.704s] byte-compiling /home/varin/106a/project/install/perception/lib/python3.10/site-packages/perception/process_pointcloud.py to process_pointcloud.cpython-310.pyc
[1.713s] running install_data
[1.713s] running install_egg_info
[1.715s] removing '/home/varin/106a/project/install/perception/lib/python3.10/site-packages/perception-0.0.0-py3.10.egg-info' (and everything under it)
[1.716s] Copying ../../build/perception/perception.egg-info to /home/varin/106a/project/install/perception/lib/python3.10/site-packages/perception-0.0.0-py3.10.egg-info
[1.718s] running install_scripts
[1.740s] Installing interactive_plane script to /home/varin/106a/project/install/perception/lib/perception
[1.741s] Installing process_pointcloud script to /home/varin/106a/project/install/perception/lib/perception
[1.741s] writing list of installed files to '/home/varin/106a/project/build/perception/install.log'
[1.784s] Invoked command in '/home/varin/106a/project/src/perception' returned '0': PYTHONPATH=/home/varin/106a/project/build/perception/prefix_override:/usr/lib/python3/dist-packages/colcon_core/task/python/colcon_distutils_commands:/home/varin/106a/project/install/perception/lib/python3.10/site-packages:${PYTHONPATH} /usr/bin/python3 -W ignore:setup.py install is deprecated -W ignore:easy_install command is deprecated setup.py egg_info --egg-base ../../build/perception build --build-base /home/varin/106a/project/build/perception/build install --record /home/varin/106a/project/build/perception/install.log --single-version-externally-managed install_data
