[0.000000] (-) TimerEvent: {}
[0.000293] (perception) JobQueued: {'identifier': 'perception', 'dependencies': OrderedDict()}
[0.000339] (planning) JobQueued: {'identifier': 'planning', 'dependencies': OrderedDict()}
[0.000369] (perception) JobStarted: {'identifier': 'perception'}
[0.038885] (planning) JobStarted: {'identifier': 'planning'}
[0.099429] (-) TimerEvent: {}
[0.199855] (-) TimerEvent: {}
[0.300150] (-) TimerEvent: {}
[0.400393] (-) TimerEvent: {}
[0.500630] (-) TimerEvent: {}
[0.600885] (-) TimerEvent: {}
[0.701119] (-) TimerEvent: {}
[0.801468] (-) TimerEvent: {}
[0.901823] (-) TimerEvent: {}
[0.981353] (planning) Command: {'cmd': ['/usr/bin/python3', '-W', 'ignore:setup.py install is deprecated', '-W', 'ignore:easy_install command is deprecated', 'setup.py', 'egg_info', '--egg-base', '../../build/planning', 'build', '--build-base', '/home/cc/ee106a/sp26/class/ee106a-abh/final_project/lab5/build/planning/build', 'install', '--record', '/home/cc/ee106a/sp26/class/ee106a-abh/final_project/lab5/build/planning/install.log', '--single-version-externally-managed', 'install_data'], 'cwd': '/home/cc/ee106a/sp26/class/ee106a-abh/final_project/lab5/src/planning', 'env': {'ARCH': 'x86_64', 'QT_SCALE_FACTOR': '1', 'USER': 'ee106a-abh', 'HOSTNAME': 'ros2', 'XDG_SESSION_TYPE': 'x11', 'MASTERDIR': '/home/ff/ee106a', 'COMPIZ_CONFIG_PROFILE': 'mate', 'XDG_CACHE_HOME': '/home/cc/ee106a/sp26/class/ee106a-abh/.cache', 'SHLVL': '2', 'LD_LIBRARY_PATH': '/usr/lib/x86_64-linux-gnu/gazebo-11/plugins:/opt/ros/humble/opt/rviz_ogre_vendor/lib:/opt/ros/humble/lib/x86_64-linux-gnu:/opt/ros/humble/lib', 'HOME': '/home/cc/ee106a/sp26/class/ee106a-abh', 'OLDPWD': '/home/cc/ee106a/sp26/class/ee106a-abh/final_project/lab5/src', 'DESKTOP_SESSION': 'mate', 'ROS_PYTHON_VERSION': '3', 'GTK_MODULES': 'gail:atk-bridge:appmenu-gtk-module:gail:atk-bridge:canberra-gtk-module', 'EE106_UR_ROBOT_IP': '192.168.1.104', 'DISTROBOX_ENTER_PATH': '/usr/local/bin/distrobox-enter', 'SYSTEMD_EXEC_PID': '3358231', 'NNTPSERVER': 'news.csua.berkeley.edu', 'VISUAL': 'emacs', 'XDG_STATE_HOME': '/home/cc/ee106a/sp26/class/ee106a-abh/.local/state', 'DBUS_SESSION_BUS_ADDRESS': 'unix:path=/run/user/34147/bus', 'COLORTERM': 'truecolor', 'container': 'podman', 'UBUNTU_MENUPROXY': '1', 'QT_QPA_PLATFORMTHEME': 'gtk2', 'COLCON_PREFIX_PATH': '/home/ff/ee106a/robot_workspaces/ur/install', 'ROS_DISTRO': 'humble', 'GTK_IM_MODULE': 'ibus', 'LOGNAME': 'ee106a-abh', 'MASTER': 'ee106a', 'WINDOWID': '52428806', 'ROS_VERSION': '2', 'XDG_SESSION_CLASS': 'user', 'TERMINFO_DIRS': '/usr/share/terminfo:/run/host/usr/share/terminfo', 'USERNAME': 'ee106a-abh', 'TERM': 'xterm-256color', 'GTK_OVERLAY_SCROLLING': '0', 'XDG_SESSION_ID': '112435', 'ROS_LOCALHOST_ONLY': '0', 'WINDOWPATH': '2', 'PATH': '/opt/ros/humble/bin:/share/b/grading/bin:/home/ff/ee106a/bin:/home/ff/ee106a/bin/arch/x86_64:/share/b/grading/bin:/home/ff/ee106a/bin:/home/ff/ee106a/bin/arch/x86_64:/usr/local/sbin:/usr/local/bin:/usr/sbin:/usr/bin:/sbin:/bin:/usr/games:/usr/local/games:/snap/bin:/snap/bin:/share/b/grading/bin:/share/b/grading/sbin:/share/b/runas/x86_64:/share/b/bin:/home/ff/ee106a/venvs/all:/usr/local/sbin:/usr/local/bin:/usr/sbin:/usr/bin:/sbin:/bin:/share/b/grading/bin:/share/b/grading/sbin:/share/b/runas/x86_64:/share/b/bin:/home/ff/ee106a/venvs/all', 'SESSION_MANAGER': 'local/c105-10:@/tmp/.ICE-unix/3358301,unix/c105-10:/tmp/.ICE-unix/3358301', 'OS': 'Linux', 'XDG_RUNTIME_DIR': '/run/user/34147', 'DISPLAY': ':1', 'LANG': 'en_US.UTF-8', 'XDG_CURRENT_DESKTOP': 'MATE', 'XDG_DATA_HOME': '/home/cc/ee106a/sp26/class/ee106a-abh/.local/share', 'XDG_CONFIG_HOME': '/home/cc/ee106a/sp26/class/ee106a-abh/.config', 'XMODIFIERS': '@im=ibus', 'XDG_SESSION_DESKTOP': 'mate', 'XAUTHORITY': '/run/user/34147/gdm/Xauthority', 'SSH_AUTH_SOCK': '/run/user/34147/keyring/ssh', 'ROS_DOMAIN_ID': '30', 'AMENT_PREFIX_PATH': '/home/ff/ee106a/robot_workspaces/ur/install/ur7e_utils:/opt/ros/humble', 'SHELL': '/usr/bin/bash', 'QT_ACCESSIBILITY': '1', 'EE106_UR_ROBOT_NAME': 'number-5', 'GDMSESSION': 'mate', 'RUNAS': '/share/b/runas/x86_64', 'GPG_AGENT_INFO': '/run/user/34147/gnupg/S.gpg-agent:0:1', 'CONFIG_SHELL': '/usr/bin/ksh', 'QT_IM_MODULE': 'ibus', 'PWD': '/home/cc/ee106a/sp26/class/ee106a-abh/final_project/lab5/build/planning', 'EE106_ENV_SETUP': 'ur_ros2', 'CONTAINER_ID': 'ros2', 'LC_ALL': 'C.UTF-8', 'XDG_CONFIG_DIRS': '/etc/xdg/xdg-mate:/etc/xdg', 'CLUTTER_IM_MODULE': 'ibus', 'XDG_DATA_DIRS': '/usr/share/mate:/usr/share/mate:/usr/share/gnome:/home/cc/ee106a/sp26/class/ee106a-abh/.local/share/flatpak/exports/share:/var/lib/flatpak/exports/share:/usr/local/share/:/usr/share/:/var/lib/snapd/desktop:/usr/local/share:/usr/share', 'PYTHONPATH': '/home/cc/ee106a/sp26/class/ee106a-abh/final_project/lab5/build/planning/prefix_override:/usr/lib/python3/dist-packages/colcon_core/task/python/colcon_distutils_commands:/home/cc/ee106a/sp26/class/ee106a-abh/final_project/lab5/install/planning/lib/python3.10/site-packages:/home/ff/ee106a/robot_workspaces/ur/install/ur7e_utils/lib/python3.10/site-packages:/opt/ros/humble/lib/python3.10/site-packages:/opt/ros/humble/local/lib/python3.10/dist-packages', 'MATE_DESKTOP_SESSION_ID': 'this-is-deprecated', 'COLCON': '1', 'MANPATH': '/usr/local/man:/usr/man:/usr/X11/man:/usr/local/man:/share/b/grading/man:/usr/local/man:/usr/man:/usr/X11/man:/usr/local/man:/share/b/grading/man:', 'VTE_VERSION': '6800', 'EDITOR': 'emacs', 'QT_FONT_DPI': '122'}, 'shell': False}
[0.990466] (perception) Command: {'cmd': ['/usr/bin/python3', '-W', 'ignore:setup.py install is deprecated', '-W', 'ignore:easy_install command is deprecated', 'setup.py', 'egg_info', '--egg-base', '../../build/perception', 'build', '--build-base', '/home/cc/ee106a/sp26/class/ee106a-abh/final_project/lab5/build/perception/build', 'install', '--record', '/home/cc/ee106a/sp26/class/ee106a-abh/final_project/lab5/build/perception/install.log', '--single-version-externally-managed', 'install_data'], 'cwd': '/home/cc/ee106a/sp26/class/ee106a-abh/final_project/lab5/src/perception', 'env': {'ARCH': 'x86_64', 'QT_SCALE_FACTOR': '1', 'USER': 'ee106a-abh', 'HOSTNAME': 'ros2', 'XDG_SESSION_TYPE': 'x11', 'MASTERDIR': '/home/ff/ee106a', 'COMPIZ_CONFIG_PROFILE': 'mate', 'XDG_CACHE_HOME': '/home/cc/ee106a/sp26/class/ee106a-abh/.cache', 'SHLVL': '2', 'LD_LIBRARY_PATH': '/usr/lib/x86_64-linux-gnu/gazebo-11/plugins:/opt/ros/humble/opt/rviz_ogre_vendor/lib:/opt/ros/humble/lib/x86_64-linux-gnu:/opt/ros/humble/lib', 'HOME': '/home/cc/ee106a/sp26/class/ee106a-abh', 'OLDPWD': '/home/cc/ee106a/sp26/class/ee106a-abh/final_project/lab5/src', 'DESKTOP_SESSION': 'mate', 'ROS_PYTHON_VERSION': '3', 'GTK_MODULES': 'gail:atk-bridge:appmenu-gtk-module:gail:atk-bridge:canberra-gtk-module', 'EE106_UR_ROBOT_IP': '192.168.1.104', 'DISTROBOX_ENTER_PATH': '/usr/local/bin/distrobox-enter', 'SYSTEMD_EXEC_PID': '3358231', 'NNTPSERVER': 'news.csua.berkeley.edu', 'VISUAL': 'emacs', 'XDG_STATE_HOME': '/home/cc/ee106a/sp26/class/ee106a-abh/.local/state', 'DBUS_SESSION_BUS_ADDRESS': 'unix:path=/run/user/34147/bus', 'COLORTERM': 'truecolor', 'container': 'podman', 'UBUNTU_MENUPROXY': '1', 'QT_QPA_PLATFORMTHEME': 'gtk2', 'COLCON_PREFIX_PATH': '/home/ff/ee106a/robot_workspaces/ur/install', 'ROS_DISTRO': 'humble', 'GTK_IM_MODULE': 'ibus', 'LOGNAME': 'ee106a-abh', 'MASTER': 'ee106a', 'WINDOWID': '52428806', 'ROS_VERSION': '2', 'XDG_SESSION_CLASS': 'user', 'TERMINFO_DIRS': '/usr/share/terminfo:/run/host/usr/share/terminfo', 'USERNAME': 'ee106a-abh', 'TERM': 'xterm-256color', 'GTK_OVERLAY_SCROLLING': '0', 'XDG_SESSION_ID': '112435', 'ROS_LOCALHOST_ONLY': '0', 'WINDOWPATH': '2', 'PATH': '/opt/ros/humble/bin:/share/b/grading/bin:/home/ff/ee106a/bin:/home/ff/ee106a/bin/arch/x86_64:/share/b/grading/bin:/home/ff/ee106a/bin:/home/ff/ee106a/bin/arch/x86_64:/usr/local/sbin:/usr/local/bin:/usr/sbin:/usr/bin:/sbin:/bin:/usr/games:/usr/local/games:/snap/bin:/snap/bin:/share/b/grading/bin:/share/b/grading/sbin:/share/b/runas/x86_64:/share/b/bin:/home/ff/ee106a/venvs/all:/usr/local/sbin:/usr/local/bin:/usr/sbin:/usr/bin:/sbin:/bin:/share/b/grading/bin:/share/b/grading/sbin:/share/b/runas/x86_64:/share/b/bin:/home/ff/ee106a/venvs/all', 'SESSION_MANAGER': 'local/c105-10:@/tmp/.ICE-unix/3358301,unix/c105-10:/tmp/.ICE-unix/3358301', 'OS': 'Linux', 'XDG_RUNTIME_DIR': '/run/user/34147', 'DISPLAY': ':1', 'LANG': 'en_US.UTF-8', 'XDG_CURRENT_DESKTOP': 'MATE', 'XDG_DATA_HOME': '/home/cc/ee106a/sp26/class/ee106a-abh/.local/share', 'XDG_CONFIG_HOME': '/home/cc/ee106a/sp26/class/ee106a-abh/.config', 'XMODIFIERS': '@im=ibus', 'XDG_SESSION_DESKTOP': 'mate', 'XAUTHORITY': '/run/user/34147/gdm/Xauthority', 'SSH_AUTH_SOCK': '/run/user/34147/keyring/ssh', 'ROS_DOMAIN_ID': '30', 'AMENT_PREFIX_PATH': '/home/ff/ee106a/robot_workspaces/ur/install/ur7e_utils:/opt/ros/humble', 'SHELL': '/usr/bin/bash', 'QT_ACCESSIBILITY': '1', 'EE106_UR_ROBOT_NAME': 'number-5', 'GDMSESSION': 'mate', 'RUNAS': '/share/b/runas/x86_64', 'GPG_AGENT_INFO': '/run/user/34147/gnupg/S.gpg-agent:0:1', 'CONFIG_SHELL': '/usr/bin/ksh', 'QT_IM_MODULE': 'ibus', 'PWD': '/home/cc/ee106a/sp26/class/ee106a-abh/final_project/lab5/build/perception', 'EE106_ENV_SETUP': 'ur_ros2', 'CONTAINER_ID': 'ros2', 'LC_ALL': 'C.UTF-8', 'XDG_CONFIG_DIRS': '/etc/xdg/xdg-mate:/etc/xdg', 'CLUTTER_IM_MODULE': 'ibus', 'XDG_DATA_DIRS': '/usr/share/mate:/usr/share/mate:/usr/share/gnome:/home/cc/ee106a/sp26/class/ee106a-abh/.local/share/flatpak/exports/share:/var/lib/flatpak/exports/share:/usr/local/share/:/usr/share/:/var/lib/snapd/desktop:/usr/local/share:/usr/share', 'PYTHONPATH': '/home/cc/ee106a/sp26/class/ee106a-abh/final_project/lab5/build/perception/prefix_override:/usr/lib/python3/dist-packages/colcon_core/task/python/colcon_distutils_commands:/home/cc/ee106a/sp26/class/ee106a-abh/final_project/lab5/install/perception/lib/python3.10/site-packages:/home/ff/ee106a/robot_workspaces/ur/install/ur7e_utils/lib/python3.10/site-packages:/opt/ros/humble/lib/python3.10/site-packages:/opt/ros/humble/local/lib/python3.10/dist-packages', 'MATE_DESKTOP_SESSION_ID': 'this-is-deprecated', 'COLCON': '1', 'MANPATH': '/usr/local/man:/usr/man:/usr/X11/man:/usr/local/man:/share/b/grading/man:/usr/local/man:/usr/man:/usr/X11/man:/usr/local/man:/share/b/grading/man:', 'VTE_VERSION': '6800', 'EDITOR': 'emacs', 'QT_FONT_DPI': '122'}, 'shell': False}
[1.001905] (-) TimerEvent: {}
[1.102236] (-) TimerEvent: {}
[1.195515] (planning) StdoutLine: {'line': b'running egg_info\n'}
[1.195929] (planning) StdoutLine: {'line': b'creating ../../build/planning/planning.egg-info\n'}
[1.196813] (planning) StdoutLine: {'line': b'writing ../../build/planning/planning.egg-info/PKG-INFO\n'}
[1.200715] (planning) StdoutLine: {'line': b'writing dependency_links to ../../build/planning/planning.egg-info/dependency_links.txt\n'}
[1.201698] (perception) StdoutLine: {'line': b'running egg_info\n'}
[1.202300] (-) TimerEvent: {}
[1.202493] (perception) StdoutLine: {'line': b'creating ../../build/perception/perception.egg-info\n'}
[1.203760] (planning) StdoutLine: {'line': b'writing entry points to ../../build/planning/planning.egg-info/entry_points.txt\n'}
[1.204100] (perception) StdoutLine: {'line': b'writing ../../build/perception/perception.egg-info/PKG-INFO\n'}
[1.204623] (planning) StdoutLine: {'line': b'writing requirements to ../../build/planning/planning.egg-info/requires.txt\n'}
[1.206768] (planning) StdoutLine: {'line': b'writing top-level names to ../../build/planning/planning.egg-info/top_level.txt\n'}
[1.209651] (perception) StdoutLine: {'line': b'writing dependency_links to ../../build/perception/perception.egg-info/dependency_links.txt\n'}
[1.209832] (planning) StdoutLine: {'line': b"writing manifest file '../../build/planning/planning.egg-info/SOURCES.txt'\n"}
[1.213033] (perception) StdoutLine: {'line': b'writing entry points to ../../build/perception/perception.egg-info/entry_points.txt\n'}
[1.215328] (perception) StdoutLine: {'line': b'writing requirements to ../../build/perception/perception.egg-info/requires.txt\n'}
[1.217006] (perception) StdoutLine: {'line': b'writing top-level names to ../../build/perception/perception.egg-info/top_level.txt\n'}
[1.219375] (perception) StdoutLine: {'line': b"writing manifest file '../../build/perception/perception.egg-info/SOURCES.txt'\n"}
[1.220409] (planning) StdoutLine: {'line': b"reading manifest file '../../build/planning/planning.egg-info/SOURCES.txt'\n"}
[1.223375] (planning) StdoutLine: {'line': b"writing manifest file '../../build/planning/planning.egg-info/SOURCES.txt'\n"}
[1.224655] (planning) StdoutLine: {'line': b'running build\n'}
[1.225561] (planning) StdoutLine: {'line': b'running build_py\n'}
[1.227270] (planning) StdoutLine: {'line': b'creating /home/cc/ee106a/sp26/class/ee106a-abh/final_project/lab5/build/planning/build\n'}
[1.228260] (planning) StdoutLine: {'line': b'creating /home/cc/ee106a/sp26/class/ee106a-abh/final_project/lab5/build/planning/build/lib\n'}
[1.228420] (planning) StdoutLine: {'line': b'creating /home/cc/ee106a/sp26/class/ee106a-abh/final_project/lab5/build/planning/build/lib/planning\n'}
[1.228892] (perception) StdoutLine: {'line': b"reading manifest file '../../build/perception/perception.egg-info/SOURCES.txt'\n"}
[1.229122] (planning) StdoutLine: {'line': b'copying planning/__init__.py -> /home/cc/ee106a/sp26/class/ee106a-abh/final_project/lab5/build/planning/build/lib/planning\n'}
[1.232173] (planning) StdoutLine: {'line': b'copying planning/ik.py -> /home/cc/ee106a/sp26/class/ee106a-abh/final_project/lab5/build/planning/build/lib/planning\n'}
[1.232426] (perception) StdoutLine: {'line': b"writing manifest file '../../build/perception/perception.egg-info/SOURCES.txt'\n"}
[1.234598] (perception) StdoutLine: {'line': b'running build\n'}
[1.234765] (perception) StdoutLine: {'line': b'running build_py\n'}
[1.235793] (perception) StdoutLine: {'line': b'creating /home/cc/ee106a/sp26/class/ee106a-abh/final_project/lab5/build/perception/build\n'}
[1.236674] (perception) StdoutLine: {'line': b'creating /home/cc/ee106a/sp26/class/ee106a-abh/final_project/lab5/build/perception/build/lib\n'}
[1.238671] (planning) StdoutLine: {'line': b'copying planning/main.py -> /home/cc/ee106a/sp26/class/ee106a-abh/final_project/lab5/build/planning/build/lib/planning\n'}
[1.239321] (perception) StdoutLine: {'line': b'creating /home/cc/ee106a/sp26/class/ee106a-abh/final_project/lab5/build/perception/build/lib/perception\n'}
[1.239652] (perception) StdoutLine: {'line': b'copying perception/__init__.py -> /home/cc/ee106a/sp26/class/ee106a-abh/final_project/lab5/build/perception/build/lib/perception\n'}
[1.240535] (planning) StdoutLine: {'line': b'copying planning/static_tf_transform.py -> /home/cc/ee106a/sp26/class/ee106a-abh/final_project/lab5/build/planning/build/lib/planning\n'}
[1.243321] (perception) StdoutLine: {'line': b'copying perception/process_pointcloud.py -> /home/cc/ee106a/sp26/class/ee106a-abh/final_project/lab5/build/perception/build/lib/perception\n'}
[1.243880] (planning) StdoutLine: {'line': b'running install\n'}
[1.244530] (planning) StdoutLine: {'line': b'running install_lib\n'}
[1.246500] (perception) StdoutLine: {'line': b'running install\n'}
[1.247064] (perception) StdoutLine: {'line': b'running install_lib\n'}
[1.247960] (planning) StdoutLine: {'line': b'creating /home/cc/ee106a/sp26/class/ee106a-abh/final_project/lab5/install/planning/lib/python3.10/site-packages/planning\n'}
[1.249205] (planning) StdoutLine: {'line': b'copying /home/cc/ee106a/sp26/class/ee106a-abh/final_project/lab5/build/planning/build/lib/planning/__init__.py -> /home/cc/ee106a/sp26/class/ee106a-abh/final_project/lab5/install/planning/lib/python3.10/site-packages/planning\n'}
[1.250771] (perception) StdoutLine: {'line': b'creating /home/cc/ee106a/sp26/class/ee106a-abh/final_project/lab5/install/perception/lib/python3.10/site-packages/perception\n'}
[1.252204] (perception) StdoutLine: {'line': b'copying /home/cc/ee106a/sp26/class/ee106a-abh/final_project/lab5/build/perception/build/lib/perception/__init__.py -> /home/cc/ee106a/sp26/class/ee106a-abh/final_project/lab5/install/perception/lib/python3.10/site-packages/perception\n'}
[1.252630] (planning) StdoutLine: {'line': b'copying /home/cc/ee106a/sp26/class/ee106a-abh/final_project/lab5/build/planning/build/lib/planning/ik.py -> /home/cc/ee106a/sp26/class/ee106a-abh/final_project/lab5/install/planning/lib/python3.10/site-packages/planning\n'}
[1.256796] (perception) StdoutLine: {'line': b'copying /home/cc/ee106a/sp26/class/ee106a-abh/final_project/lab5/build/perception/build/lib/perception/process_pointcloud.py -> /home/cc/ee106a/sp26/class/ee106a-abh/final_project/lab5/install/perception/lib/python3.10/site-packages/perception\n'}
[1.258550] (planning) StdoutLine: {'line': b'copying /home/cc/ee106a/sp26/class/ee106a-abh/final_project/lab5/build/planning/build/lib/planning/main.py -> /home/cc/ee106a/sp26/class/ee106a-abh/final_project/lab5/install/planning/lib/python3.10/site-packages/planning\n'}
[1.263002] (planning) StdoutLine: {'line': b'copying /home/cc/ee106a/sp26/class/ee106a-abh/final_project/lab5/build/planning/build/lib/planning/static_tf_transform.py -> /home/cc/ee106a/sp26/class/ee106a-abh/final_project/lab5/install/planning/lib/python3.10/site-packages/planning\n'}
[1.263705] (perception) StdoutLine: {'line': b'byte-compiling /home/cc/ee106a/sp26/class/ee106a-abh/final_project/lab5/install/perception/lib/python3.10/site-packages/perception/__init__.py to __init__.cpython-310.pyc\n'}
[1.269286] (perception) StdoutLine: {'line': b'byte-compiling /home/cc/ee106a/sp26/class/ee106a-abh/final_project/lab5/install/perception/lib/python3.10/site-packages/perception/process_pointcloud.py to process_pointcloud.cpython-310.pyc\n'}
[1.269528] (planning) StdoutLine: {'line': b'byte-compiling /home/cc/ee106a/sp26/class/ee106a-abh/final_project/lab5/install/planning/lib/python3.10/site-packages/planning/__init__.py to __init__.cpython-310.pyc\n'}
[1.275293] (planning) StdoutLine: {'line': b'byte-compiling /home/cc/ee106a/sp26/class/ee106a-abh/final_project/lab5/install/planning/lib/python3.10/site-packages/planning/ik.py to ik.cpython-310.pyc\n'}
[1.275840] (perception) StdoutLine: {'line': b'running install_data\n'}
[1.276869] (perception) StdoutLine: {'line': b'creating /home/cc/ee106a/sp26/class/ee106a-abh/final_project/lab5/install/perception/share/ament_index\n'}
[1.277817] (perception) StdoutLine: {'line': b'creating /home/cc/ee106a/sp26/class/ee106a-abh/final_project/lab5/install/perception/share/ament_index/resource_index\n'}
[1.278917] (perception) StdoutLine: {'line': b'creating /home/cc/ee106a/sp26/class/ee106a-abh/final_project/lab5/install/perception/share/ament_index/resource_index/packages\n'}
[1.280195] (perception) StdoutLine: {'line': b'copying resource/perception -> /home/cc/ee106a/sp26/class/ee106a-abh/final_project/lab5/install/perception/share/ament_index/resource_index/packages\n'}
[1.282416] (planning) StdoutLine: {'line': b'byte-compiling /home/cc/ee106a/sp26/class/ee106a-abh/final_project/lab5/install/planning/lib/python3.10/site-packages/planning/main.py to main.cpython-310.pyc\n'}
[1.283386] (perception) StdoutLine: {'line': b'copying package.xml -> /home/cc/ee106a/sp26/class/ee106a-abh/final_project/lab5/install/perception/share/perception\n'}
[1.286612] (perception) StdoutLine: {'line': b'running install_egg_info\n'}
[1.288728] (planning) StdoutLine: {'line': b'byte-compiling /home/cc/ee106a/sp26/class/ee106a-abh/final_project/lab5/install/planning/lib/python3.10/site-packages/planning/static_tf_transform.py to static_tf_transform.cpython-310.pyc\n'}
[1.291340] (perception) StdoutLine: {'line': b'Copying ../../build/perception/perception.egg-info to /home/cc/ee106a/sp26/class/ee106a-abh/final_project/lab5/install/perception/lib/python3.10/site-packages/perception-0.0.0-py3.10.egg-info\n'}
[1.293580] (planning) StdoutLine: {'line': b'running install_data\n'}
[1.294570] (planning) StdoutLine: {'line': b'creating /home/cc/ee106a/sp26/class/ee106a-abh/final_project/lab5/install/planning/share/ament_index\n'}
[1.295458] (planning) StdoutLine: {'line': b'creating /home/cc/ee106a/sp26/class/ee106a-abh/final_project/lab5/install/planning/share/ament_index/resource_index\n'}
[1.297310] (planning) StdoutLine: {'line': b'creating /home/cc/ee106a/sp26/class/ee106a-abh/final_project/lab5/install/planning/share/ament_index/resource_index/packages\n'}
[1.299142] (planning) StdoutLine: {'line': b'copying resource/planning -> /home/cc/ee106a/sp26/class/ee106a-abh/final_project/lab5/install/planning/share/ament_index/resource_index/packages\n'}
[1.301735] (planning) StdoutLine: {'line': b'copying package.xml -> /home/cc/ee106a/sp26/class/ee106a-abh/final_project/lab5/install/planning/share/planning\n'}
[1.302379] (-) TimerEvent: {}
[1.305775] (planning) StdoutLine: {'line': b'creating /home/cc/ee106a/sp26/class/ee106a-abh/final_project/lab5/install/planning/share/planning/launch\n'}
[1.306817] (planning) StdoutLine: {'line': b'copying launch/lab5_bringup.launch.py -> /home/cc/ee106a/sp26/class/ee106a-abh/final_project/lab5/install/planning/share/planning/launch\n'}
[1.311093] (planning) StdoutLine: {'line': b'running install_egg_info\n'}
[1.315840] (planning) StdoutLine: {'line': b'Copying ../../build/planning/planning.egg-info to /home/cc/ee106a/sp26/class/ee106a-abh/final_project/lab5/install/planning/lib/python3.10/site-packages/planning-0.0.0-py3.10.egg-info\n'}
[1.327158] (perception) StdoutLine: {'line': b'running install_scripts\n'}
[1.347387] (planning) StdoutLine: {'line': b'running install_scripts\n'}
[1.364066] (perception) StdoutLine: {'line': b'Installing interactive_plane script to /home/cc/ee106a/sp26/class/ee106a-abh/final_project/lab5/install/perception/lib/perception\n'}
[1.366799] (perception) StdoutLine: {'line': b'Installing process_pointcloud script to /home/cc/ee106a/sp26/class/ee106a-abh/final_project/lab5/install/perception/lib/perception\n'}
[1.369486] (perception) StdoutLine: {'line': b"writing list of installed files to '/home/cc/ee106a/sp26/class/ee106a-abh/final_project/lab5/build/perception/install.log'\n"}
[1.371943] (planning) StdoutLine: {'line': b'Installing gripper script to /home/cc/ee106a/sp26/class/ee106a-abh/final_project/lab5/install/planning/lib/planning\n'}
[1.374634] (planning) StdoutLine: {'line': b'Installing ik script to /home/cc/ee106a/sp26/class/ee106a-abh/final_project/lab5/install/planning/lib/planning\n'}
[1.376859] (planning) StdoutLine: {'line': b'Installing main script to /home/cc/ee106a/sp26/class/ee106a-abh/final_project/lab5/install/planning/lib/planning\n'}
[1.378785] (planning) StdoutLine: {'line': b'Installing tf script to /home/cc/ee106a/sp26/class/ee106a-abh/final_project/lab5/install/planning/lib/planning\n'}
[1.380717] (planning) StdoutLine: {'line': b'Installing transform_cube_pose script to /home/cc/ee106a/sp26/class/ee106a-abh/final_project/lab5/install/planning/lib/planning\n'}
[1.382902] (planning) StdoutLine: {'line': b"writing list of installed files to '/home/cc/ee106a/sp26/class/ee106a-abh/final_project/lab5/build/planning/install.log'\n"}
[1.383914] (perception) CommandEnded: {'returncode': 0}
[1.402448] (-) TimerEvent: {}
[1.435353] (perception) JobEnded: {'identifier': 'perception', 'rc': 0}
[1.440645] (planning) CommandEnded: {'returncode': 0}
[1.488390] (planning) JobEnded: {'identifier': 'planning', 'rc': 0}
[1.492810] (-) EventReactorShutdown: {}
