/home/varin/106a/project/install/planning/lib/python3.10/site-packages/planning/game_manager.py
/home/varin/106a/project/install/planning/lib/python3.10/site-packages/planning/static_tf_transform.py
/home/varin/106a/project/install/planning/lib/python3.10/site-packages/planning/main.py
/home/varin/106a/project/install/planning/lib/python3.10/site-packages/planning/ik.py
/home/varin/106a/project/install/planning/lib/python3.10/site-packages/planning/__init__.py
/home/varin/106a/project/install/planning/lib/python3.10/site-packages/planning/__pycache__/game_manager.cpython-310.pyc
/home/varin/106a/project/install/planning/lib/python3.10/site-packages/planning/__pycache__/static_tf_transform.cpython-310.pyc
/home/varin/106a/project/install/planning/lib/python3.10/site-packages/planning/__pycache__/main.cpython-310.pyc
/home/varin/106a/project/install/planning/lib/python3.10/site-packages/planning/__pycache__/ik.cpython-310.pyc
/home/varin/106a/project/install/planning/lib/python3.10/site-packages/planning/__pycache__/__init__.cpython-310.pyc
/home/varin/106a/project/install/planning/share/ament_index/resource_index/packages/planning
/home/varin/106a/project/install/planning/share/planning/package.xml
/home/varin/106a/project/install/planning/share/planning/launch/project_bringup.launch.py
/home/varin/106a/project/install/planning/share/planning/logic/game_logic.py
/home/varin/106a/project/install/planning/lib/python3.10/site-packages/planning-0.0.0-py3.10.egg-info/PKG-INFO
/home/varin/106a/project/install/planning/lib/python3.10/site-packages/planning-0.0.0-py3.10.egg-info/entry_points.txt
/home/varin/106a/project/install/planning/lib/python3.10/site-packages/planning-0.0.0-py3.10.egg-info/top_level.txt
/home/varin/106a/project/install/planning/lib/python3.10/site-packages/planning-0.0.0-py3.10.egg-info/requires.txt
/home/varin/106a/project/install/planning/lib/python3.10/site-packages/planning-0.0.0-py3.10.egg-info/dependency_links.txt
/home/varin/106a/project/install/planning/lib/python3.10/site-packages/planning-0.0.0-py3.10.egg-info/zip-safe
/home/varin/106a/project/install/planning/lib/python3.10/site-packages/planning-0.0.0-py3.10.egg-info/SOURCES.txt
/home/varin/106a/project/install/planning/lib/planning/game_manager
/home/varin/106a/project/install/planning/lib/planning/gripper
/home/varin/106a/project/install/planning/lib/planning/ik
/home/varin/106a/project/install/planning/lib/planning/main
/home/varin/106a/project/install/planning/lib/planning/tf
/home/varin/106a/project/install/planning/lib/planning/transform_cube_pose
