[0.096s] DEBUG:colcon:Command line arguments: ['/usr/bin/colcon', 'build']
[0.096s] DEBUG:colcon:Parsed command line arguments: Namespace(log_base=None, log_level=None, verb_name='build', build_base='build', install_base='install', merge_install=False, symlink_install=False, test_result_base=None, continue_on_error=False, executor='parallel', parallel_workers=32, event_handlers=None, ignore_user_meta=False, metas=['./colcon.meta'], base_paths=['.'], packages_ignore=None, packages_ignore_regex=None, paths=None, packages_up_to=None, packages_up_to_regex=None, packages_above=None, packages_above_and_dependencies=None, packages_above_depth=None, packages_select_by_dep=None, packages_skip_by_dep=None, packages_skip_up_to=None, packages_select_build_failed=False, packages_skip_build_finished=False, packages_select_test_failures=False, packages_skip_test_passed=False, packages_select=None, packages_skip=None, packages_select_regex=None, packages_skip_regex=None, packages_start=None, packages_end=None, cmake_args=None, cmake_target=None, cmake_target_skip_unavailable=False, cmake_clean_cache=False, cmake_clean_first=False, cmake_force_configure=False, ament_cmake_args=None, catkin_cmake_args=None, catkin_skip_building_tests=False, mixin_files=None, mixin=None, verb_parser=<colcon_mixin.mixin.mixin_argument.MixinArgumentDecorator object at 0x794ee5732200>, verb_extension=<colcon_core.verb.build.BuildVerb object at 0x794ee583b190>, main=<bound method BuildVerb.main of <colcon_core.verb.build.BuildVerb object at 0x794ee583b190>>, mixin_verb=('build',))
[0.225s] Level 1:colcon.colcon_core.package_discovery:discover_packages(colcon_meta) check parameters
[0.225s] Level 1:colcon.colcon_core.package_discovery:discover_packages(recursive) check parameters
[0.226s] Level 1:colcon.colcon_core.package_discovery:discover_packages(ignore) check parameters
[0.226s] Level 1:colcon.colcon_core.package_discovery:discover_packages(path) check parameters
[0.227s] Level 1:colcon.colcon_core.package_discovery:discover_packages(colcon_meta) discover
[0.227s] Level 1:colcon.colcon_core.package_discovery:discover_packages(recursive) discover
[0.228s] INFO:colcon.colcon_core.package_discovery:Crawling recursively for packages in '/home/cc/ee106a/sp26/class/ee106a-abh/final_project/project'
[0.229s] Level 1:colcon.colcon_core.package_identification:_identify(.) by extensions ['ignore', 'ignore_ament_install']
[0.229s] Level 1:colcon.colcon_core.package_identification:_identify(.) by extension 'ignore'
[0.229s] Level 1:colcon.colcon_core.package_identification:_identify(.) by extension 'ignore_ament_install'
[0.230s] Level 1:colcon.colcon_core.package_identification:_identify(.) by extensions ['colcon_pkg']
[0.230s] Level 1:colcon.colcon_core.package_identification:_identify(.) by extension 'colcon_pkg'
[0.230s] Level 1:colcon.colcon_core.package_identification:_identify(.) by extensions ['colcon_meta']
[0.231s] Level 1:colcon.colcon_core.package_identification:_identify(.) by extension 'colcon_meta'
[0.231s] Level 1:colcon.colcon_core.package_identification:_identify(.) by extensions ['ros']
[0.232s] Level 1:colcon.colcon_core.package_identification:_identify(.) by extension 'ros'
[0.240s] Level 1:colcon.colcon_core.package_identification:_identify(.) by extensions ['cmake', 'python']
[0.240s] Level 1:colcon.colcon_core.package_identification:_identify(.) by extension 'cmake'
[0.240s] Level 1:colcon.colcon_core.package_identification:_identify(.) by extension 'python'
[0.240s] Level 1:colcon.colcon_core.package_identification:_identify(.) by extensions ['python_setup_py']
[0.241s] Level 1:colcon.colcon_core.package_identification:_identify(.) by extension 'python_setup_py'
[0.242s] Level 1:colcon.colcon_core.package_identification:_identify(build) by extensions ['ignore', 'ignore_ament_install']
[0.242s] Level 1:colcon.colcon_core.package_identification:_identify(build) by extension 'ignore'
[0.242s] Level 1:colcon.colcon_core.package_identification:_identify(build) ignored
[0.243s] Level 1:colcon.colcon_core.package_identification:_identify(install) by extensions ['ignore', 'ignore_ament_install']
[0.243s] Level 1:colcon.colcon_core.package_identification:_identify(install) by extension 'ignore'
[0.244s] Level 1:colcon.colcon_core.package_identification:_identify(install) ignored
[0.254s] Level 1:colcon.colcon_core.package_identification:_identify(log) by extensions ['ignore', 'ignore_ament_install']
[0.254s] Level 1:colcon.colcon_core.package_identification:_identify(log) by extension 'ignore'
[0.254s] Level 1:colcon.colcon_core.package_identification:_identify(log) ignored
[0.256s] Level 1:colcon.colcon_core.package_identification:_identify(src) by extensions ['ignore', 'ignore_ament_install']
[0.256s] Level 1:colcon.colcon_core.package_identification:_identify(src) by extension 'ignore'
[0.256s] Level 1:colcon.colcon_core.package_identification:_identify(src) by extension 'ignore_ament_install'
[0.257s] Level 1:colcon.colcon_core.package_identification:_identify(src) by extensions ['colcon_pkg']
[0.258s] Level 1:colcon.colcon_core.package_identification:_identify(src) by extension 'colcon_pkg'
[0.258s] Level 1:colcon.colcon_core.package_identification:_identify(src) by extensions ['colcon_meta']
[0.259s] Level 1:colcon.colcon_core.package_identification:_identify(src) by extension 'colcon_meta'
[0.259s] Level 1:colcon.colcon_core.package_identification:_identify(src) by extensions ['ros']
[0.259s] Level 1:colcon.colcon_core.package_identification:_identify(src) by extension 'ros'
[0.260s] Level 1:colcon.colcon_core.package_identification:_identify(src) by extensions ['cmake', 'python']
[0.260s] Level 1:colcon.colcon_core.package_identification:_identify(src) by extension 'cmake'
[0.261s] Level 1:colcon.colcon_core.package_identification:_identify(src) by extension 'python'
[0.261s] Level 1:colcon.colcon_core.package_identification:_identify(src) by extensions ['python_setup_py']
[0.261s] Level 1:colcon.colcon_core.package_identification:_identify(src) by extension 'python_setup_py'
[0.262s] Level 1:colcon.colcon_core.package_identification:_identify(src/logic) by extensions ['ignore', 'ignore_ament_install']
[0.262s] Level 1:colcon.colcon_core.package_identification:_identify(src/logic) by extension 'ignore'
[0.263s] Level 1:colcon.colcon_core.package_identification:_identify(src/logic) by extension 'ignore_ament_install'
[0.263s] Level 1:colcon.colcon_core.package_identification:_identify(src/logic) by extensions ['colcon_pkg']
[0.264s] Level 1:colcon.colcon_core.package_identification:_identify(src/logic) by extension 'colcon_pkg'
[0.264s] Level 1:colcon.colcon_core.package_identification:_identify(src/logic) by extensions ['colcon_meta']
[0.264s] Level 1:colcon.colcon_core.package_identification:_identify(src/logic) by extension 'colcon_meta'
[0.265s] Level 1:colcon.colcon_core.package_identification:_identify(src/logic) by extensions ['ros']
[0.265s] Level 1:colcon.colcon_core.package_identification:_identify(src/logic) by extension 'ros'
[0.266s] Level 1:colcon.colcon_core.package_identification:_identify(src/logic) by extensions ['cmake', 'python']
[0.266s] Level 1:colcon.colcon_core.package_identification:_identify(src/logic) by extension 'cmake'
[0.266s] Level 1:colcon.colcon_core.package_identification:_identify(src/logic) by extension 'python'
[0.267s] Level 1:colcon.colcon_core.package_identification:_identify(src/logic) by extensions ['python_setup_py']
[0.267s] Level 1:colcon.colcon_core.package_identification:_identify(src/logic) by extension 'python_setup_py'
[0.268s] Level 1:colcon.colcon_core.package_identification:_identify(src/perception) by extensions ['ignore', 'ignore_ament_install']
[0.268s] Level 1:colcon.colcon_core.package_identification:_identify(src/perception) by extension 'ignore'
[0.269s] Level 1:colcon.colcon_core.package_identification:_identify(src/perception) by extension 'ignore_ament_install'
[0.269s] Level 1:colcon.colcon_core.package_identification:_identify(src/perception) by extensions ['colcon_pkg']
[0.270s] Level 1:colcon.colcon_core.package_identification:_identify(src/perception) by extension 'colcon_pkg'
[0.270s] Level 1:colcon.colcon_core.package_identification:_identify(src/perception) by extensions ['colcon_meta']
[0.271s] Level 1:colcon.colcon_core.package_identification:_identify(src/perception) by extension 'colcon_meta'
[0.271s] Level 1:colcon.colcon_core.package_identification:_identify(src/perception) by extensions ['ros']
[0.271s] Level 1:colcon.colcon_core.package_identification:_identify(src/perception) by extension 'ros'
[0.274s] DEBUG:colcon.colcon_core.package_identification:Package 'src/perception' with type 'ros.ament_python' and name 'perception'
[0.275s] Level 1:colcon.colcon_core.package_identification:_identify(src/planning) by extensions ['ignore', 'ignore_ament_install']
[0.275s] Level 1:colcon.colcon_core.package_identification:_identify(src/planning) by extension 'ignore'
[0.276s] Level 1:colcon.colcon_core.package_identification:_identify(src/planning) by extension 'ignore_ament_install'
[0.276s] Level 1:colcon.colcon_core.package_identification:_identify(src/planning) by extensions ['colcon_pkg']
[0.277s] Level 1:colcon.colcon_core.package_identification:_identify(src/planning) by extension 'colcon_pkg'
[0.277s] Level 1:colcon.colcon_core.package_identification:_identify(src/planning) by extensions ['colcon_meta']
[0.278s] Level 1:colcon.colcon_core.package_identification:_identify(src/planning) by extension 'colcon_meta'
[0.278s] Level 1:colcon.colcon_core.package_identification:_identify(src/planning) by extensions ['ros']
[0.279s] Level 1:colcon.colcon_core.package_identification:_identify(src/planning) by extension 'ros'
[0.280s] DEBUG:colcon.colcon_core.package_identification:Package 'src/planning' with type 'ros.ament_python' and name 'planning'
[0.281s] Level 1:colcon.colcon_core.package_discovery:discover_packages(recursive) using defaults
[0.281s] Level 1:colcon.colcon_core.package_discovery:discover_packages(ignore) discover
[0.282s] Level 1:colcon.colcon_core.package_discovery:discover_packages(ignore) using defaults
[0.282s] Level 1:colcon.colcon_core.package_discovery:discover_packages(path) discover
[0.282s] Level 1:colcon.colcon_core.package_discovery:discover_packages(path) using defaults
[0.297s] Level 5:colcon.colcon_core.verb:set package 'perception' build argument 'cmake_args' from command line to 'None'
[0.297s] Level 5:colcon.colcon_core.verb:set package 'perception' build argument 'cmake_target' from command line to 'None'
[0.298s] Level 5:colcon.colcon_core.verb:set package 'perception' build argument 'cmake_target_skip_unavailable' from command line to 'False'
[0.298s] Level 5:colcon.colcon_core.verb:set package 'perception' build argument 'cmake_clean_cache' from command line to 'False'
[0.299s] Level 5:colcon.colcon_core.verb:set package 'perception' build argument 'cmake_clean_first' from command line to 'False'
[0.299s] Level 5:colcon.colcon_core.verb:set package 'perception' build argument 'cmake_force_configure' from command line to 'False'
[0.300s] Level 5:colcon.colcon_core.verb:set package 'perception' build argument 'ament_cmake_args' from command line to 'None'
[0.301s] Level 5:colcon.colcon_core.verb:set package 'perception' build argument 'catkin_cmake_args' from command line to 'None'
[0.301s] Level 5:colcon.colcon_core.verb:set package 'perception' build argument 'catkin_skip_building_tests' from command line to 'False'
[0.302s] DEBUG:colcon.colcon_core.verb:Building package 'perception' with the following arguments: {'ament_cmake_args': None, 'build_base': '/home/cc/ee106a/sp26/class/ee106a-abh/final_project/project/build/perception', 'catkin_cmake_args': None, 'catkin_skip_building_tests': False, 'cmake_args': None, 'cmake_clean_cache': False, 'cmake_clean_first': False, 'cmake_force_configure': False, 'cmake_target': None, 'cmake_target_skip_unavailable': False, 'install_base': '/home/cc/ee106a/sp26/class/ee106a-abh/final_project/project/install/perception', 'merge_install': False, 'path': '/home/cc/ee106a/sp26/class/ee106a-abh/final_project/project/src/perception', 'symlink_install': False, 'test_result_base': None}
[0.303s] Level 5:colcon.colcon_core.verb:set package 'planning' build argument 'cmake_args' from command line to 'None'
[0.303s] Level 5:colcon.colcon_core.verb:set package 'planning' build argument 'cmake_target' from command line to 'None'
[0.303s] Level 5:colcon.colcon_core.verb:set package 'planning' build argument 'cmake_target_skip_unavailable' from command line to 'False'
[0.304s] Level 5:colcon.colcon_core.verb:set package 'planning' build argument 'cmake_clean_cache' from command line to 'False'
[0.304s] Level 5:colcon.colcon_core.verb:set package 'planning' build argument 'cmake_clean_first' from command line to 'False'
[0.304s] Level 5:colcon.colcon_core.verb:set package 'planning' build argument 'cmake_force_configure' from command line to 'False'
[0.305s] Level 5:colcon.colcon_core.verb:set package 'planning' build argument 'ament_cmake_args' from command line to 'None'
[0.305s] Level 5:colcon.colcon_core.verb:set package 'planning' build argument 'catkin_cmake_args' from command line to 'None'
[0.306s] Level 5:colcon.colcon_core.verb:set package 'planning' build argument 'catkin_skip_building_tests' from command line to 'False'
[0.306s] DEBUG:colcon.colcon_core.verb:Building package 'planning' with the following arguments: {'ament_cmake_args': None, 'build_base': '/home/cc/ee106a/sp26/class/ee106a-abh/final_project/project/build/planning', 'catkin_cmake_args': None, 'catkin_skip_building_tests': False, 'cmake_args': None, 'cmake_clean_cache': False, 'cmake_clean_first': False, 'cmake_force_configure': False, 'cmake_target': None, 'cmake_target_skip_unavailable': False, 'install_base': '/home/cc/ee106a/sp26/class/ee106a-abh/final_project/project/install/planning', 'merge_install': False, 'path': '/home/cc/ee106a/sp26/class/ee106a-abh/final_project/project/src/planning', 'symlink_install': False, 'test_result_base': None}
[0.306s] INFO:colcon.colcon_core.executor:Executing jobs using 'parallel' executor
[0.307s] DEBUG:colcon.colcon_parallel_executor.executor.parallel:run_until_complete
[0.308s] INFO:colcon.colcon_ros.task.ament_python.build:Building ROS package in '/home/cc/ee106a/sp26/class/ee106a-abh/final_project/project/src/perception' with build type 'ament_python'
[0.308s] Level 1:colcon.colcon_core.shell:create_environment_hook('perception', 'ament_prefix_path')
[0.310s] INFO:colcon.colcon_core.plugin_system:Skipping extension 'colcon_core.shell.bat': Not used on non-Windows systems
[0.310s] INFO:colcon.colcon_core.shell:Creating environment hook '/home/cc/ee106a/sp26/class/ee106a-abh/final_project/project/install/perception/share/perception/hook/ament_prefix_path.ps1'
[0.314s] INFO:colcon.colcon_core.shell:Creating environment descriptor '/home/cc/ee106a/sp26/class/ee106a-abh/final_project/project/install/perception/share/perception/hook/ament_prefix_path.dsv'
[0.317s] INFO:colcon.colcon_core.shell:Creating environment hook '/home/cc/ee106a/sp26/class/ee106a-abh/final_project/project/install/perception/share/perception/hook/ament_prefix_path.sh'
[0.321s] INFO:colcon.colcon_core.shell:Skip shell extension 'powershell' for command environment: Not usable outside of PowerShell
[0.321s] DEBUG:colcon.colcon_core.shell:Skip shell extension 'dsv' for command environment
[0.338s] INFO:colcon.colcon_ros.task.ament_python.build:Building ROS package in '/home/cc/ee106a/sp26/class/ee106a-abh/final_project/project/src/planning' with build type 'ament_python'
[0.338s] Level 1:colcon.colcon_core.shell:create_environment_hook('planning', 'ament_prefix_path')
[0.339s] INFO:colcon.colcon_core.shell:Creating environment hook '/home/cc/ee106a/sp26/class/ee106a-abh/final_project/project/install/planning/share/planning/hook/ament_prefix_path.ps1'
[0.342s] INFO:colcon.colcon_core.shell:Creating environment descriptor '/home/cc/ee106a/sp26/class/ee106a-abh/final_project/project/install/planning/share/planning/hook/ament_prefix_path.dsv'
[0.346s] INFO:colcon.colcon_core.shell:Creating environment hook '/home/cc/ee106a/sp26/class/ee106a-abh/final_project/project/install/planning/share/planning/hook/ament_prefix_path.sh'
[0.349s] INFO:colcon.colcon_core.shell:Skip shell extension 'powershell' for command environment: Not usable outside of PowerShell
[0.349s] DEBUG:colcon.colcon_core.shell:Skip shell extension 'dsv' for command environment
[0.622s] INFO:colcon.colcon_core.task.python.build:Building Python package in '/home/cc/ee106a/sp26/class/ee106a-abh/final_project/project/src/perception'
[0.622s] INFO:colcon.colcon_core.shell:Skip shell extension 'powershell' for command environment: Not usable outside of PowerShell
[0.623s] DEBUG:colcon.colcon_core.shell:Skip shell extension 'dsv' for command environment
[0.883s] INFO:colcon.colcon_core.task.python.build:Building Python package in '/home/cc/ee106a/sp26/class/ee106a-abh/final_project/project/src/planning'
[0.884s] INFO:colcon.colcon_core.shell:Skip shell extension 'powershell' for command environment: Not usable outside of PowerShell
[0.884s] DEBUG:colcon.colcon_core.shell:Skip shell extension 'dsv' for command environment
[1.266s] DEBUG:colcon.colcon_core.event_handler.log_command:Invoking command in '/home/cc/ee106a/sp26/class/ee106a-abh/final_project/project/src/perception': PYTHONPATH=/home/cc/ee106a/sp26/class/ee106a-abh/final_project/project/build/perception/prefix_override:/usr/lib/python3/dist-packages/colcon_core/task/python/colcon_distutils_commands:/home/cc/ee106a/sp26/class/ee106a-abh/final_project/project/install/perception/lib/python3.10/site-packages:${PYTHONPATH} /usr/bin/python3 -W ignore:setup.py install is deprecated -W ignore:easy_install command is deprecated setup.py egg_info --egg-base ../../build/perception build --build-base /home/cc/ee106a/sp26/class/ee106a-abh/final_project/project/build/perception/build install --record /home/cc/ee106a/sp26/class/ee106a-abh/final_project/project/build/perception/install.log --single-version-externally-managed install_data
[1.274s] DEBUG:colcon.colcon_core.event_handler.log_command:Invoking command in '/home/cc/ee106a/sp26/class/ee106a-abh/final_project/project/src/planning': PYTHONPATH=/home/cc/ee106a/sp26/class/ee106a-abh/final_project/project/build/planning/prefix_override:/usr/lib/python3/dist-packages/colcon_core/task/python/colcon_distutils_commands:/home/cc/ee106a/sp26/class/ee106a-abh/final_project/project/install/planning/lib/python3.10/site-packages:${PYTHONPATH} /usr/bin/python3 -W ignore:setup.py install is deprecated -W ignore:easy_install command is deprecated setup.py egg_info --egg-base ../../build/planning build --build-base /home/cc/ee106a/sp26/class/ee106a-abh/final_project/project/build/planning/build install --record /home/cc/ee106a/sp26/class/ee106a-abh/final_project/project/build/planning/install.log --single-version-externally-managed install_data
[1.666s] DEBUG:colcon.colcon_core.event_handler.log_command:Invoked command in '/home/cc/ee106a/sp26/class/ee106a-abh/final_project/project/src/perception' returned '0': PYTHONPATH=/home/cc/ee106a/sp26/class/ee106a-abh/final_project/project/build/perception/prefix_override:/usr/lib/python3/dist-packages/colcon_core/task/python/colcon_distutils_commands:/home/cc/ee106a/sp26/class/ee106a-abh/final_project/project/install/perception/lib/python3.10/site-packages:${PYTHONPATH} /usr/bin/python3 -W ignore:setup.py install is deprecated -W ignore:easy_install command is deprecated setup.py egg_info --egg-base ../../build/perception build --build-base /home/cc/ee106a/sp26/class/ee106a-abh/final_project/project/build/perception/build install --record /home/cc/ee106a/sp26/class/ee106a-abh/final_project/project/build/perception/install.log --single-version-externally-managed install_data
[1.668s] Level 1:colcon.colcon_core.environment:checking '/home/cc/ee106a/sp26/class/ee106a-abh/final_project/project/install/perception' for CMake module files
[1.669s] Level 1:colcon.colcon_core.environment:checking '/home/cc/ee106a/sp26/class/ee106a-abh/final_project/project/install/perception' for CMake config files
[1.676s] Level 1:colcon.colcon_core.environment:checking '/home/cc/ee106a/sp26/class/ee106a-abh/final_project/project/install/perception/lib'
[1.677s] Level 1:colcon.colcon_core.environment:checking '/home/cc/ee106a/sp26/class/ee106a-abh/final_project/project/install/perception/bin'
[1.677s] Level 1:colcon.colcon_core.environment:checking '/home/cc/ee106a/sp26/class/ee106a-abh/final_project/project/install/perception/lib/pkgconfig/perception.pc'
[1.678s] Level 1:colcon.colcon_core.environment:checking '/home/cc/ee106a/sp26/class/ee106a-abh/final_project/project/install/perception/lib/python3.10/site-packages'
[1.678s] Level 1:colcon.colcon_core.shell:create_environment_hook('perception', 'pythonpath')
[1.679s] INFO:colcon.colcon_core.shell:Creating environment hook '/home/cc/ee106a/sp26/class/ee106a-abh/final_project/project/install/perception/share/perception/hook/pythonpath.ps1'
[1.683s] INFO:colcon.colcon_core.shell:Creating environment descriptor '/home/cc/ee106a/sp26/class/ee106a-abh/final_project/project/install/perception/share/perception/hook/pythonpath.dsv'
[1.686s] INFO:colcon.colcon_core.shell:Creating environment hook '/home/cc/ee106a/sp26/class/ee106a-abh/final_project/project/install/perception/share/perception/hook/pythonpath.sh'
[1.690s] Level 1:colcon.colcon_core.environment:checking '/home/cc/ee106a/sp26/class/ee106a-abh/final_project/project/install/perception/bin'
[1.690s] Level 1:colcon.colcon_core.environment:create_environment_scripts_only(perception)
[1.691s] INFO:colcon.colcon_core.shell:Creating package script '/home/cc/ee106a/sp26/class/ee106a-abh/final_project/project/install/perception/share/perception/package.ps1'
[1.696s] INFO:colcon.colcon_core.shell:Creating package descriptor '/home/cc/ee106a/sp26/class/ee106a-abh/final_project/project/install/perception/share/perception/package.dsv'
[1.701s] INFO:colcon.colcon_core.shell:Creating package script '/home/cc/ee106a/sp26/class/ee106a-abh/final_project/project/install/perception/share/perception/package.sh'
[1.705s] INFO:colcon.colcon_core.shell:Creating package script '/home/cc/ee106a/sp26/class/ee106a-abh/final_project/project/install/perception/share/perception/package.bash'
[1.710s] INFO:colcon.colcon_core.shell:Creating package script '/home/cc/ee106a/sp26/class/ee106a-abh/final_project/project/install/perception/share/perception/package.zsh'
[1.715s] Level 1:colcon.colcon_core.environment:create_file_with_runtime_dependencies(/home/cc/ee106a/sp26/class/ee106a-abh/final_project/project/install/perception/share/colcon-core/packages/perception)
[1.719s] Level 1:colcon.colcon_core.environment:checking '/home/cc/ee106a/sp26/class/ee106a-abh/final_project/project/install/planning' for CMake module files
[1.721s] Level 1:colcon.colcon_core.environment:checking '/home/cc/ee106a/sp26/class/ee106a-abh/final_project/project/install/planning' for CMake config files
[1.724s] DEBUG:colcon.colcon_core.event_handler.log_command:Invoked command in '/home/cc/ee106a/sp26/class/ee106a-abh/final_project/project/src/planning' returned '0': PYTHONPATH=/home/cc/ee106a/sp26/class/ee106a-abh/final_project/project/build/planning/prefix_override:/usr/lib/python3/dist-packages/colcon_core/task/python/colcon_distutils_commands:/home/cc/ee106a/sp26/class/ee106a-abh/final_project/project/install/planning/lib/python3.10/site-packages:${PYTHONPATH} /usr/bin/python3 -W ignore:setup.py install is deprecated -W ignore:easy_install command is deprecated setup.py egg_info --egg-base ../../build/planning build --build-base /home/cc/ee106a/sp26/class/ee106a-abh/final_project/project/build/planning/build install --record /home/cc/ee106a/sp26/class/ee106a-abh/final_project/project/build/planning/install.log --single-version-externally-managed install_data
[1.735s] Level 1:colcon.colcon_core.environment:checking '/home/cc/ee106a/sp26/class/ee106a-abh/final_project/project/install/planning/lib'
[1.735s] Level 1:colcon.colcon_core.environment:checking '/home/cc/ee106a/sp26/class/ee106a-abh/final_project/project/install/planning/bin'
[1.736s] Level 1:colcon.colcon_core.environment:checking '/home/cc/ee106a/sp26/class/ee106a-abh/final_project/project/install/planning/lib/pkgconfig/planning.pc'
[1.736s] Level 1:colcon.colcon_core.environment:checking '/home/cc/ee106a/sp26/class/ee106a-abh/final_project/project/install/planning/lib/python3.10/site-packages'
[1.737s] Level 1:colcon.colcon_core.shell:create_environment_hook('planning', 'pythonpath')
[1.738s] INFO:colcon.colcon_core.shell:Creating environment hook '/home/cc/ee106a/sp26/class/ee106a-abh/final_project/project/install/planning/share/planning/hook/pythonpath.ps1'
[1.742s] INFO:colcon.colcon_core.shell:Creating environment descriptor '/home/cc/ee106a/sp26/class/ee106a-abh/final_project/project/install/planning/share/planning/hook/pythonpath.dsv'
[1.746s] INFO:colcon.colcon_core.shell:Creating environment hook '/home/cc/ee106a/sp26/class/ee106a-abh/final_project/project/install/planning/share/planning/hook/pythonpath.sh'
[1.752s] Level 1:colcon.colcon_core.environment:checking '/home/cc/ee106a/sp26/class/ee106a-abh/final_project/project/install/planning/bin'
[1.752s] Level 1:colcon.colcon_core.environment:create_environment_scripts_only(planning)
[1.753s] INFO:colcon.colcon_core.shell:Creating package script '/home/cc/ee106a/sp26/class/ee106a-abh/final_project/project/install/planning/share/planning/package.ps1'
[1.758s] INFO:colcon.colcon_core.shell:Creating package descriptor '/home/cc/ee106a/sp26/class/ee106a-abh/final_project/project/install/planning/share/planning/package.dsv'
[1.762s] INFO:colcon.colcon_core.shell:Creating package script '/home/cc/ee106a/sp26/class/ee106a-abh/final_project/project/install/planning/share/planning/package.sh'
[1.766s] INFO:colcon.colcon_core.shell:Creating package script '/home/cc/ee106a/sp26/class/ee106a-abh/final_project/project/install/planning/share/planning/package.bash'
[1.769s] INFO:colcon.colcon_core.shell:Creating package script '/home/cc/ee106a/sp26/class/ee106a-abh/final_project/project/install/planning/share/planning/package.zsh'
[1.773s] Level 1:colcon.colcon_core.environment:create_file_with_runtime_dependencies(/home/cc/ee106a/sp26/class/ee106a-abh/final_project/project/install/planning/share/colcon-core/packages/planning)
[1.775s] DEBUG:colcon.colcon_parallel_executor.executor.parallel:closing loop
[1.776s] DEBUG:colcon.colcon_parallel_executor.executor.parallel:loop closed
[1.776s] DEBUG:colcon.colcon_parallel_executor.executor.parallel:run_until_complete finished with '0'
[1.776s] DEBUG:colcon.colcon_core.event_reactor:joining thread
[1.794s] INFO:colcon.colcon_core.plugin_system:Skipping extension 'colcon_notification.desktop_notification.notify_send': Could not find 'notify-send'
[1.794s] INFO:colcon.colcon_core.plugin_system:Skipping extension 'colcon_notification.desktop_notification.terminal_notifier': Not used on non-Darwin systems
[1.794s] INFO:colcon.colcon_core.plugin_system:Skipping extension 'colcon_notification.desktop_notification.win32': Not used on non-Windows systems
[1.795s] INFO:colcon.colcon_notification.desktop_notification:Sending desktop notification using 'notify2'
[1.907s] DEBUG:colcon.colcon_core.event_reactor:joined thread
[1.907s] INFO:colcon.colcon_core.shell:Creating prefix script '/home/cc/ee106a/sp26/class/ee106a-abh/final_project/project/install/local_setup.ps1'
[1.913s] INFO:colcon.colcon_core.shell:Creating prefix util module '/home/cc/ee106a/sp26/class/ee106a-abh/final_project/project/install/_local_setup_util_ps1.py'
[1.918s] INFO:colcon.colcon_core.shell:Creating prefix chain script '/home/cc/ee106a/sp26/class/ee106a-abh/final_project/project/install/setup.ps1'
[1.927s] INFO:colcon.colcon_core.shell:Creating prefix script '/home/cc/ee106a/sp26/class/ee106a-abh/final_project/project/install/local_setup.sh'
[1.929s] INFO:colcon.colcon_core.shell:Creating prefix util module '/home/cc/ee106a/sp26/class/ee106a-abh/final_project/project/install/_local_setup_util_sh.py'
[1.933s] INFO:colcon.colcon_core.shell:Creating prefix chain script '/home/cc/ee106a/sp26/class/ee106a-abh/final_project/project/install/setup.sh'
[1.940s] INFO:colcon.colcon_core.shell:Creating prefix script '/home/cc/ee106a/sp26/class/ee106a-abh/final_project/project/install/local_setup.bash'
[1.944s] INFO:colcon.colcon_core.shell:Creating prefix chain script '/home/cc/ee106a/sp26/class/ee106a-abh/final_project/project/install/setup.bash'
[1.950s] INFO:colcon.colcon_core.shell:Creating prefix script '/home/cc/ee106a/sp26/class/ee106a-abh/final_project/project/install/local_setup.zsh'
[1.953s] INFO:colcon.colcon_core.shell:Creating prefix chain script '/home/cc/ee106a/sp26/class/ee106a-abh/final_project/project/install/setup.zsh'
