[0.976s] Invoking command in '/home/cc/ee106a/sp26/class/ee106a-abh/final_project/project/src/planning': PYTHONPATH=/home/cc/ee106a/sp26/class/ee106a-abh/final_project/project/build/planning/prefix_override:/usr/lib/python3/dist-packages/colcon_core/task/python/colcon_distutils_commands:/home/cc/ee106a/sp26/class/ee106a-abh/final_project/project/install/planning/lib/python3.10/site-packages:${PYTHONPATH} /usr/bin/python3 -W ignore:setup.py install is deprecated -W ignore:easy_install command is deprecated setup.py egg_info --egg-base ../../build/planning build --build-base /home/cc/ee106a/sp26/class/ee106a-abh/final_project/project/build/planning/build install --record /home/cc/ee106a/sp26/class/ee106a-abh/final_project/project/build/planning/install.log --single-version-externally-managed install_data
[1.174s] running egg_info
[1.175s] writing ../../build/planning/planning.egg-info/PKG-INFO
[1.181s] writing dependency_links to ../../build/planning/planning.egg-info/dependency_links.txt
[1.184s] writing entry points to ../../build/planning/planning.egg-info/entry_points.txt
[1.188s] writing requirements to ../../build/planning/planning.egg-info/requires.txt
[1.192s] writing top-level names to ../../build/planning/planning.egg-info/top_level.txt
[1.201s] reading manifest file '../../build/planning/planning.egg-info/SOURCES.txt'
[1.206s] writing manifest file '../../build/planning/planning.egg-info/SOURCES.txt'
[1.209s] running build
[1.210s] running build_py
[1.210s] copying planning/game_manager.py -> /home/cc/ee106a/sp26/class/ee106a-abh/final_project/project/build/planning/build/lib/planning
[1.219s] running install
[1.220s] running install_lib
[1.223s] copying /home/cc/ee106a/sp26/class/ee106a-abh/final_project/project/build/planning/build/lib/planning/game_manager.py -> /home/cc/ee106a/sp26/class/ee106a-abh/final_project/project/install/planning/lib/python3.10/site-packages/planning
[1.232s] byte-compiling /home/cc/ee106a/sp26/class/ee106a-abh/final_project/project/install/planning/lib/python3.10/site-packages/planning/game_manager.py to game_manager.cpython-310.pyc
[1.247s] running install_data
[1.247s] copying launch/project_bringup.launch.py -> /home/cc/ee106a/sp26/class/ee106a-abh/final_project/project/install/planning/share/planning/launch
[1.261s] running install_egg_info
[1.266s] removing '/home/cc/ee106a/sp26/class/ee106a-abh/final_project/project/install/planning/lib/python3.10/site-packages/planning-0.0.0-py3.10.egg-info' (and everything under it)
[1.272s] Copying ../../build/planning/planning.egg-info to /home/cc/ee106a/sp26/class/ee106a-abh/final_project/project/install/planning/lib/python3.10/site-packages/planning-0.0.0-py3.10.egg-info
[1.340s] running install_scripts
[1.356s] Installing game_manager script to /home/cc/ee106a/sp26/class/ee106a-abh/final_project/project/install/planning/lib/planning
[1.360s] Installing gripper script to /home/cc/ee106a/sp26/class/ee106a-abh/final_project/project/install/planning/lib/planning
[1.364s] Installing ik script to /home/cc/ee106a/sp26/class/ee106a-abh/final_project/project/install/planning/lib/planning
[1.369s] Installing main script to /home/cc/ee106a/sp26/class/ee106a-abh/final_project/project/install/planning/lib/planning
[1.372s] Installing tf script to /home/cc/ee106a/sp26/class/ee106a-abh/final_project/project/install/planning/lib/planning
[1.375s] Installing transform_cube_pose script to /home/cc/ee106a/sp26/class/ee106a-abh/final_project/project/install/planning/lib/planning
[1.380s] writing list of installed files to '/home/cc/ee106a/sp26/class/ee106a-abh/final_project/project/build/planning/install.log'
[1.414s] Invoked command in '/home/cc/ee106a/sp26/class/ee106a-abh/final_project/project/src/planning' returned '0': PYTHONPATH=/home/cc/ee106a/sp26/class/ee106a-abh/final_project/project/build/planning/prefix_override:/usr/lib/python3/dist-packages/colcon_core/task/python/colcon_distutils_commands:/home/cc/ee106a/sp26/class/ee106a-abh/final_project/project/install/planning/lib/python3.10/site-packages:${PYTHONPATH} /usr/bin/python3 -W ignore:setup.py install is deprecated -W ignore:easy_install command is deprecated setup.py egg_info --egg-base ../../build/planning build --build-base /home/cc/ee106a/sp26/class/ee106a-abh/final_project/project/build/planning/build install --record /home/cc/ee106a/sp26/class/ee106a-abh/final_project/project/build/planning/install.log --single-version-externally-managed install_data
