[0.996s] Invoking command in '/home/cc/ee106a/sp26/class/ee106a-abh/final_project/lab5/src/perception': PYTHONPATH=/home/cc/ee106a/sp26/class/ee106a-abh/final_project/lab5/build/perception/prefix_override:/usr/lib/python3/dist-packages/colcon_core/task/python/colcon_distutils_commands:/home/cc/ee106a/sp26/class/ee106a-abh/final_project/lab5/install/perception/lib/python3.10/site-packages:${PYTHONPATH} /usr/bin/python3 -W ignore:setup.py install is deprecated -W ignore:easy_install command is deprecated setup.py egg_info --egg-base ../../build/perception build --build-base /home/cc/ee106a/sp26/class/ee106a-abh/final_project/lab5/build/perception/build install --record /home/cc/ee106a/sp26/class/ee106a-abh/final_project/lab5/build/perception/install.log --single-version-externally-managed install_data
[1.201s] running egg_info
[1.203s] creating ../../build/perception/perception.egg-info
[1.204s] writing ../../build/perception/perception.egg-info/PKG-INFO
[1.209s] writing dependency_links to ../../build/perception/perception.egg-info/dependency_links.txt
[1.213s] writing entry points to ../../build/perception/perception.egg-info/entry_points.txt
[1.215s] writing requirements to ../../build/perception/perception.egg-info/requires.txt
[1.217s] writing top-level names to ../../build/perception/perception.egg-info/top_level.txt
[1.219s] writing manifest file '../../build/perception/perception.egg-info/SOURCES.txt'
[1.229s] reading manifest file '../../build/perception/perception.egg-info/SOURCES.txt'
[1.232s] writing manifest file '../../build/perception/perception.egg-info/SOURCES.txt'
[1.234s] running build
[1.234s] running build_py
[1.236s] creating /home/cc/ee106a/sp26/class/ee106a-abh/final_project/lab5/build/perception/build
[1.238s] creating /home/cc/ee106a/sp26/class/ee106a-abh/final_project/lab5/build/perception/build/lib
[1.239s] creating /home/cc/ee106a/sp26/class/ee106a-abh/final_project/lab5/build/perception/build/lib/perception
[1.240s] copying perception/__init__.py -> /home/cc/ee106a/sp26/class/ee106a-abh/final_project/lab5/build/perception/build/lib/perception
[1.243s] copying perception/process_pointcloud.py -> /home/cc/ee106a/sp26/class/ee106a-abh/final_project/lab5/build/perception/build/lib/perception
[1.246s] running install
[1.247s] running install_lib
[1.251s] creating /home/cc/ee106a/sp26/class/ee106a-abh/final_project/lab5/install/perception/lib/python3.10/site-packages/perception
[1.252s] copying /home/cc/ee106a/sp26/class/ee106a-abh/final_project/lab5/build/perception/build/lib/perception/__init__.py -> /home/cc/ee106a/sp26/class/ee106a-abh/final_project/lab5/install/perception/lib/python3.10/site-packages/perception
[1.256s] copying /home/cc/ee106a/sp26/class/ee106a-abh/final_project/lab5/build/perception/build/lib/perception/process_pointcloud.py -> /home/cc/ee106a/sp26/class/ee106a-abh/final_project/lab5/install/perception/lib/python3.10/site-packages/perception
[1.263s] byte-compiling /home/cc/ee106a/sp26/class/ee106a-abh/final_project/lab5/install/perception/lib/python3.10/site-packages/perception/__init__.py to __init__.cpython-310.pyc
[1.269s] byte-compiling /home/cc/ee106a/sp26/class/ee106a-abh/final_project/lab5/install/perception/lib/python3.10/site-packages/perception/process_pointcloud.py to process_pointcloud.cpython-310.pyc
[1.276s] running install_data
[1.277s] creating /home/cc/ee106a/sp26/class/ee106a-abh/final_project/lab5/install/perception/share/ament_index
[1.278s] creating /home/cc/ee106a/sp26/class/ee106a-abh/final_project/lab5/install/perception/share/ament_index/resource_index
[1.279s] creating /home/cc/ee106a/sp26/class/ee106a-abh/final_project/lab5/install/perception/share/ament_index/resource_index/packages
[1.280s] copying resource/perception -> /home/cc/ee106a/sp26/class/ee106a-abh/final_project/lab5/install/perception/share/ament_index/resource_index/packages
[1.283s] copying package.xml -> /home/cc/ee106a/sp26/class/ee106a-abh/final_project/lab5/install/perception/share/perception
[1.286s] running install_egg_info
[1.291s] Copying ../../build/perception/perception.egg-info to /home/cc/ee106a/sp26/class/ee106a-abh/final_project/lab5/install/perception/lib/python3.10/site-packages/perception-0.0.0-py3.10.egg-info
[1.327s] running install_scripts
[1.364s] Installing interactive_plane script to /home/cc/ee106a/sp26/class/ee106a-abh/final_project/lab5/install/perception/lib/perception
[1.366s] Installing process_pointcloud script to /home/cc/ee106a/sp26/class/ee106a-abh/final_project/lab5/install/perception/lib/perception
[1.369s] writing list of installed files to '/home/cc/ee106a/sp26/class/ee106a-abh/final_project/lab5/build/perception/install.log'
[1.384s] Invoked command in '/home/cc/ee106a/sp26/class/ee106a-abh/final_project/lab5/src/perception' returned '0': PYTHONPATH=/home/cc/ee106a/sp26/class/ee106a-abh/final_project/lab5/build/perception/prefix_override:/usr/lib/python3/dist-packages/colcon_core/task/python/colcon_distutils_commands:/home/cc/ee106a/sp26/class/ee106a-abh/final_project/lab5/install/perception/lib/python3.10/site-packages:${PYTHONPATH} /usr/bin/python3 -W ignore:setup.py install is deprecated -W ignore:easy_install command is deprecated setup.py egg_info --egg-base ../../build/perception build --build-base /home/cc/ee106a/sp26/class/ee106a-abh/final_project/lab5/build/perception/build install --record /home/cc/ee106a/sp26/class/ee106a-abh/final_project/lab5/build/perception/install.log --single-version-externally-managed install_data
