[0.833s] Invoking command in '/home/cc/ee106a/sp26/class/ee106a-abh/final_project/project/src/perception': PYTHONPATH=/home/cc/ee106a/sp26/class/ee106a-abh/final_project/project/build/perception/prefix_override:/usr/lib/python3/dist-packages/colcon_core/task/python/colcon_distutils_commands:/home/cc/ee106a/sp26/class/ee106a-abh/final_project/project/install/perception/lib/python3.10/site-packages:${PYTHONPATH} /usr/bin/python3 -W ignore:setup.py install is deprecated -W ignore:easy_install command is deprecated setup.py egg_info --egg-base ../../build/perception build --build-base /home/cc/ee106a/sp26/class/ee106a-abh/final_project/project/build/perception/build install --record /home/cc/ee106a/sp26/class/ee106a-abh/final_project/project/build/perception/install.log --single-version-externally-managed install_data
[1.035s] running egg_info
[1.036s] writing ../../build/perception/perception.egg-info/PKG-INFO
[1.039s] writing dependency_links to ../../build/perception/perception.egg-info/dependency_links.txt
[1.041s] writing entry points to ../../build/perception/perception.egg-info/entry_points.txt
[1.043s] writing requirements to ../../build/perception/perception.egg-info/requires.txt
[1.045s] writing top-level names to ../../build/perception/perception.egg-info/top_level.txt
[1.049s] reading manifest file '../../build/perception/perception.egg-info/SOURCES.txt'
[1.051s] writing manifest file '../../build/perception/perception.egg-info/SOURCES.txt'
[1.054s] running build
[1.054s] running build_py
[1.054s] running install
[1.054s] running install_lib
[1.056s] running install_data
[1.057s] running install_egg_info
[1.057s] removing '/home/cc/ee106a/sp26/class/ee106a-abh/final_project/project/install/perception/lib/python3.10/site-packages/perception-0.0.0-py3.10.egg-info' (and everything under it)
[1.061s] Copying ../../build/perception/perception.egg-info to /home/cc/ee106a/sp26/class/ee106a-abh/final_project/project/install/perception/lib/python3.10/site-packages/perception-0.0.0-py3.10.egg-info
[1.089s] running install_scripts
[1.107s] Installing interactive_plane script to /home/cc/ee106a/sp26/class/ee106a-abh/final_project/project/install/perception/lib/perception
[1.110s] Installing process_pointcloud script to /home/cc/ee106a/sp26/class/ee106a-abh/final_project/project/install/perception/lib/perception
[1.112s] writing list of installed files to '/home/cc/ee106a/sp26/class/ee106a-abh/final_project/project/build/perception/install.log'
[1.129s] Invoked command in '/home/cc/ee106a/sp26/class/ee106a-abh/final_project/project/src/perception' returned '0': PYTHONPATH=/home/cc/ee106a/sp26/class/ee106a-abh/final_project/project/build/perception/prefix_override:/usr/lib/python3/dist-packages/colcon_core/task/python/colcon_distutils_commands:/home/cc/ee106a/sp26/class/ee106a-abh/final_project/project/install/perception/lib/python3.10/site-packages:${PYTHONPATH} /usr/bin/python3 -W ignore:setup.py install is deprecated -W ignore:easy_install command is deprecated setup.py egg_info --egg-base ../../build/perception build --build-base /home/cc/ee106a/sp26/class/ee106a-abh/final_project/project/build/perception/build install --record /home/cc/ee106a/sp26/class/ee106a-abh/final_project/project/build/perception/install.log --single-version-externally-managed install_data
