[0.971s] Invoking command in '/home/cc/ee106a/sp26/class/ee106a-abh/final_project/project/src/perception': PYTHONPATH=/home/cc/ee106a/sp26/class/ee106a-abh/final_project/project/build/perception/prefix_override:/usr/lib/python3/dist-packages/colcon_core/task/python/colcon_distutils_commands:/home/cc/ee106a/sp26/class/ee106a-abh/final_project/project/install/perception/lib/python3.10/site-packages:${PYTHONPATH} /usr/bin/python3 -W ignore:setup.py install is deprecated -W ignore:easy_install command is deprecated setup.py egg_info --egg-base ../../build/perception build --build-base /home/cc/ee106a/sp26/class/ee106a-abh/final_project/project/build/perception/build install --record /home/cc/ee106a/sp26/class/ee106a-abh/final_project/project/build/perception/install.log --single-version-externally-managed install_data
[1.165s] running egg_info
[1.166s] writing ../../build/perception/perception.egg-info/PKG-INFO
[1.169s] writing dependency_links to ../../build/perception/perception.egg-info/dependency_links.txt
[1.171s] writing entry points to ../../build/perception/perception.egg-info/entry_points.txt
[1.173s] writing requirements to ../../build/perception/perception.egg-info/requires.txt
[1.174s] writing top-level names to ../../build/perception/perception.egg-info/top_level.txt
[1.182s] reading manifest file '../../build/perception/perception.egg-info/SOURCES.txt'
[1.184s] writing manifest file '../../build/perception/perception.egg-info/SOURCES.txt'
[1.185s] running build
[1.186s] running build_py
[1.187s] running install
[1.187s] running install_lib
[1.190s] running install_data
[1.192s] running install_egg_info
[1.194s] removing '/home/cc/ee106a/sp26/class/ee106a-abh/final_project/project/install/perception/lib/python3.10/site-packages/perception-0.0.0-py3.10.egg-info' (and everything under it)
[1.200s] Copying ../../build/perception/perception.egg-info to /home/cc/ee106a/sp26/class/ee106a-abh/final_project/project/install/perception/lib/python3.10/site-packages/perception-0.0.0-py3.10.egg-info
[1.234s] running install_scripts
[1.268s] Installing interactive_plane script to /home/cc/ee106a/sp26/class/ee106a-abh/final_project/project/install/perception/lib/perception
[1.270s] Installing process_pointcloud script to /home/cc/ee106a/sp26/class/ee106a-abh/final_project/project/install/perception/lib/perception
[1.273s] writing list of installed files to '/home/cc/ee106a/sp26/class/ee106a-abh/final_project/project/build/perception/install.log'
[1.290s] Invoked command in '/home/cc/ee106a/sp26/class/ee106a-abh/final_project/project/src/perception' returned '0': PYTHONPATH=/home/cc/ee106a/sp26/class/ee106a-abh/final_project/project/build/perception/prefix_override:/usr/lib/python3/dist-packages/colcon_core/task/python/colcon_distutils_commands:/home/cc/ee106a/sp26/class/ee106a-abh/final_project/project/install/perception/lib/python3.10/site-packages:${PYTHONPATH} /usr/bin/python3 -W ignore:setup.py install is deprecated -W ignore:easy_install command is deprecated setup.py egg_info --egg-base ../../build/perception build --build-base /home/cc/ee106a/sp26/class/ee106a-abh/final_project/project/build/perception/build install --record /home/cc/ee106a/sp26/class/ee106a-abh/final_project/project/build/perception/install.log --single-version-externally-managed install_data
