[0.793s] Invoking command in '/home/cc/ee106a/sp26/class/ee106a-abh/final_project/project/src/planning': PYTHONPATH=/home/cc/ee106a/sp26/class/ee106a-abh/final_project/project/build/planning/prefix_override:/usr/lib/python3/dist-packages/colcon_core/task/python/colcon_distutils_commands:/home/cc/ee106a/sp26/class/ee106a-abh/final_project/project/install/planning/lib/python3.10/site-packages:${PYTHONPATH} /usr/bin/python3 -W ignore:setup.py install is deprecated -W ignore:easy_install command is deprecated setup.py egg_info --egg-base ../../build/planning build --build-base /home/cc/ee106a/sp26/class/ee106a-abh/final_project/project/build/planning/build install --record /home/cc/ee106a/sp26/class/ee106a-abh/final_project/project/build/planning/install.log --single-version-externally-managed install_data
[0.997s] running egg_info
[0.998s] writing ../../build/planning/planning.egg-info/PKG-INFO
[1.002s] writing dependency_links to ../../build/planning/planning.egg-info/dependency_links.txt
[1.005s] writing entry points to ../../build/planning/planning.egg-info/entry_points.txt
[1.008s] writing requirements to ../../build/planning/planning.egg-info/requires.txt
[1.011s] writing top-level names to ../../build/planning/planning.egg-info/top_level.txt
[1.020s] reading manifest file '../../build/planning/planning.egg-info/SOURCES.txt'
[1.023s] writing manifest file '../../build/planning/planning.egg-info/SOURCES.txt'
[1.026s] running build
[1.026s] running build_py
[1.031s] running install
[1.031s] running install_lib
[1.037s] running install_data
[1.042s] running install_egg_info
[1.043s] removing '/home/cc/ee106a/sp26/class/ee106a-abh/final_project/project/install/planning/lib/python3.10/site-packages/planning-0.0.0-py3.10.egg-info' (and everything under it)
[1.052s] Copying ../../build/planning/planning.egg-info to /home/cc/ee106a/sp26/class/ee106a-abh/final_project/project/install/planning/lib/python3.10/site-packages/planning-0.0.0-py3.10.egg-info
[1.096s] running install_scripts
[1.116s] Installing game_manager script to /home/cc/ee106a/sp26/class/ee106a-abh/final_project/project/install/planning/lib/planning
[1.119s] Installing gripper script to /home/cc/ee106a/sp26/class/ee106a-abh/final_project/project/install/planning/lib/planning
[1.122s] Installing ik script to /home/cc/ee106a/sp26/class/ee106a-abh/final_project/project/install/planning/lib/planning
[1.124s] Installing main script to /home/cc/ee106a/sp26/class/ee106a-abh/final_project/project/install/planning/lib/planning
[1.127s] Installing tf script to /home/cc/ee106a/sp26/class/ee106a-abh/final_project/project/install/planning/lib/planning
[1.134s] Installing transform_cube_pose script to /home/cc/ee106a/sp26/class/ee106a-abh/final_project/project/install/planning/lib/planning
[1.137s] writing list of installed files to '/home/cc/ee106a/sp26/class/ee106a-abh/final_project/project/build/planning/install.log'
[1.198s] Invoked command in '/home/cc/ee106a/sp26/class/ee106a-abh/final_project/project/src/planning' returned '0': PYTHONPATH=/home/cc/ee106a/sp26/class/ee106a-abh/final_project/project/build/planning/prefix_override:/usr/lib/python3/dist-packages/colcon_core/task/python/colcon_distutils_commands:/home/cc/ee106a/sp26/class/ee106a-abh/final_project/project/install/planning/lib/python3.10/site-packages:${PYTHONPATH} /usr/bin/python3 -W ignore:setup.py install is deprecated -W ignore:easy_install command is deprecated setup.py egg_info --egg-base ../../build/planning build --build-base /home/cc/ee106a/sp26/class/ee106a-abh/final_project/project/build/planning/build install --record /home/cc/ee106a/sp26/class/ee106a-abh/final_project/project/build/planning/install.log --single-version-externally-managed install_data
