[0.179s] DEBUG:colcon:Command line arguments: ['/usr/bin/colcon', 'build']
[0.179s] DEBUG:colcon:Parsed command line arguments: Namespace(log_base=None, log_level=None, verb_name='build', build_base='build', install_base='install', merge_install=False, symlink_install=False, test_result_base=None, continue_on_error=False, executor='parallel', parallel_workers=32, event_handlers=None, ignore_user_meta=False, metas=['./colcon.meta'], base_paths=['.'], packages_ignore=None, packages_ignore_regex=None, paths=None, packages_up_to=None, packages_up_to_regex=None, packages_above=None, packages_above_and_dependencies=None, packages_above_depth=None, packages_select_by_dep=None, packages_skip_by_dep=None, packages_skip_up_to=None, packages_select_build_failed=False, packages_skip_build_finished=False, packages_select_test_failures=False, packages_skip_test_passed=False, packages_select=None, packages_skip=None, packages_select_regex=None, packages_skip_regex=None, packages_start=None, packages_end=None, cmake_args=None, cmake_target=None, cmake_target_skip_unavailable=False, cmake_clean_cache=False, cmake_clean_first=False, cmake_force_configure=False, ament_cmake_args=None, catkin_cmake_args=None, catkin_skip_building_tests=False, mixin_files=None, mixin=None, verb_parser=<colcon_mixin.mixin.mixin_argument.MixinArgumentDecorator object at 0x7e13e9845540>, verb_extension=<colcon_core.verb.build.BuildVerb object at 0x7e13e9972440>, main=<bound method BuildVerb.main of <colcon_core.verb.build.BuildVerb object at 0x7e13e9972440>>, mixin_verb=('build',))
[0.390s] Level 1:colcon.colcon_core.package_discovery:discover_packages(colcon_meta) check parameters
[0.390s] Level 1:colcon.colcon_core.package_discovery:discover_packages(recursive) check parameters
[0.390s] Level 1:colcon.colcon_core.package_discovery:discover_packages(ignore) check parameters
[0.391s] Level 1:colcon.colcon_core.package_discovery:discover_packages(path) check parameters
[0.391s] Level 1:colcon.colcon_core.package_discovery:discover_packages(colcon_meta) discover
[0.392s] Level 1:colcon.colcon_core.package_discovery:discover_packages(recursive) discover
[0.392s] INFO:colcon.colcon_core.package_discovery:Crawling recursively for packages in '/home/cc/ee106a/sp26/class/ee106a-abh/final_project/project'
[0.393s] Level 1:colcon.colcon_core.package_identification:_identify(.) by extensions ['ignore', 'ignore_ament_install']
[0.393s] Level 1:colcon.colcon_core.package_identification:_identify(.) by extension 'ignore'
[0.393s] Level 1:colcon.colcon_core.package_identification:_identify(.) by extension 'ignore_ament_install'
[0.394s] Level 1:colcon.colcon_core.package_identification:_identify(.) by extensions ['colcon_pkg']
[0.394s] Level 1:colcon.colcon_core.package_identification:_identify(.) by extension 'colcon_pkg'
[0.394s] Level 1:colcon.colcon_core.package_identification:_identify(.) by extensions ['colcon_meta']
[0.395s] Level 1:colcon.colcon_core.package_identification:_identify(.) by extension 'colcon_meta'
[0.395s] Level 1:colcon.colcon_core.package_identification:_identify(.) by extensions ['ros']
[0.395s] Level 1:colcon.colcon_core.package_identification:_identify(.) by extension 'ros'
[0.407s] Level 1:colcon.colcon_core.package_identification:_identify(.) by extensions ['cmake', 'python']
[0.407s] Level 1:colcon.colcon_core.package_identification:_identify(.) by extension 'cmake'
[0.408s] Level 1:colcon.colcon_core.package_identification:_identify(.) by extension 'python'
[0.408s] Level 1:colcon.colcon_core.package_identification:_identify(.) by extensions ['python_setup_py']
[0.408s] Level 1:colcon.colcon_core.package_identification:_identify(.) by extension 'python_setup_py'
[0.409s] Level 1:colcon.colcon_core.package_identification:_identify(build) by extensions ['ignore', 'ignore_ament_install']
[0.409s] Level 1:colcon.colcon_core.package_identification:_identify(build) by extension 'ignore'
[0.409s] Level 1:colcon.colcon_core.package_identification:_identify(build) ignored
[0.410s] Level 1:colcon.colcon_core.package_identification:_identify(install) by extensions ['ignore', 'ignore_ament_install']
[0.410s] Level 1:colcon.colcon_core.package_identification:_identify(install) by extension 'ignore'
[0.410s] Level 1:colcon.colcon_core.package_identification:_identify(install) ignored
[0.412s] Level 1:colcon.colcon_core.package_identification:_identify(log) by extensions ['ignore', 'ignore_ament_install']
[0.413s] Level 1:colcon.colcon_core.package_identification:_identify(log) by extension 'ignore'
[0.413s] Level 1:colcon.colcon_core.package_identification:_identify(log) ignored
[0.413s] Level 1:colcon.colcon_core.package_identification:_identify(src) by extensions ['ignore', 'ignore_ament_install']
[0.413s] Level 1:colcon.colcon_core.package_identification:_identify(src) by extension 'ignore'
[0.414s] Level 1:colcon.colcon_core.package_identification:_identify(src) by extension 'ignore_ament_install'
[0.415s] Level 1:colcon.colcon_core.package_identification:_identify(src) by extensions ['colcon_pkg']
[0.415s] Level 1:colcon.colcon_core.package_identification:_identify(src) by extension 'colcon_pkg'
[0.415s] Level 1:colcon.colcon_core.package_identification:_identify(src) by extensions ['colcon_meta']
[0.415s] Level 1:colcon.colcon_core.package_identification:_identify(src) by extension 'colcon_meta'
[0.416s] Level 1:colcon.colcon_core.package_identification:_identify(src) by extensions ['ros']
[0.416s] Level 1:colcon.colcon_core.package_identification:_identify(src) by extension 'ros'
[0.417s] Level 1:colcon.colcon_core.package_identification:_identify(src) by extensions ['cmake', 'python']
[0.417s] Level 1:colcon.colcon_core.package_identification:_identify(src) by extension 'cmake'
[0.417s] Level 1:colcon.colcon_core.package_identification:_identify(src) by extension 'python'
[0.418s] Level 1:colcon.colcon_core.package_identification:_identify(src) by extensions ['python_setup_py']
[0.418s] Level 1:colcon.colcon_core.package_identification:_identify(src) by extension 'python_setup_py'
[0.419s] Level 1:colcon.colcon_core.package_identification:_identify(src/logic) by extensions ['ignore', 'ignore_ament_install']
[0.419s] Level 1:colcon.colcon_core.package_identification:_identify(src/logic) by extension 'ignore'
[0.419s] Level 1:colcon.colcon_core.package_identification:_identify(src/logic) by extension 'ignore_ament_install'
[0.420s] Level 1:colcon.colcon_core.package_identification:_identify(src/logic) by extensions ['colcon_pkg']
[0.420s] Level 1:colcon.colcon_core.package_identification:_identify(src/logic) by extension 'colcon_pkg'
[0.420s] Level 1:colcon.colcon_core.package_identification:_identify(src/logic) by extensions ['colcon_meta']
[0.420s] Level 1:colcon.colcon_core.package_identification:_identify(src/logic) by extension 'colcon_meta'
[0.421s] Level 1:colcon.colcon_core.package_identification:_identify(src/logic) by extensions ['ros']
[0.421s] Level 1:colcon.colcon_core.package_identification:_identify(src/logic) by extension 'ros'
[0.422s] Level 1:colcon.colcon_core.package_identification:_identify(src/logic) by extensions ['cmake', 'python']
[0.422s] Level 1:colcon.colcon_core.package_identification:_identify(src/logic) by extension 'cmake'
[0.423s] Level 1:colcon.colcon_core.package_identification:_identify(src/logic) by extension 'python'
[0.423s] Level 1:colcon.colcon_core.package_identification:_identify(src/logic) by extensions ['python_setup_py']
[0.423s] Level 1:colcon.colcon_core.package_identification:_identify(src/logic) by extension 'python_setup_py'
[0.425s] Level 1:colcon.colcon_core.package_identification:_identify(src/perception) by extensions ['ignore', 'ignore_ament_install']
[0.425s] Level 1:colcon.colcon_core.package_identification:_identify(src/perception) by extension 'ignore'
[0.425s] Level 1:colcon.colcon_core.package_identification:_identify(src/perception) by extension 'ignore_ament_install'
[0.426s] Level 1:colcon.colcon_core.package_identification:_identify(src/perception) by extensions ['colcon_pkg']
[0.426s] Level 1:colcon.colcon_core.package_identification:_identify(src/perception) by extension 'colcon_pkg'
[0.427s] Level 1:colcon.colcon_core.package_identification:_identify(src/perception) by extensions ['colcon_meta']
[0.427s] Level 1:colcon.colcon_core.package_identification:_identify(src/perception) by extension 'colcon_meta'
[0.427s] Level 1:colcon.colcon_core.package_identification:_identify(src/perception) by extensions ['ros']
[0.427s] Level 1:colcon.colcon_core.package_identification:_identify(src/perception) by extension 'ros'
[0.435s] DEBUG:colcon.colcon_core.package_identification:Package 'src/perception' with type 'ros.ament_python' and name 'perception'
[0.436s] Level 1:colcon.colcon_core.package_identification:_identify(src/planning) by extensions ['ignore', 'ignore_ament_install']
[0.436s] Level 1:colcon.colcon_core.package_identification:_identify(src/planning) by extension 'ignore'
[0.436s] Level 1:colcon.colcon_core.package_identification:_identify(src/planning) by extension 'ignore_ament_install'
[0.437s] Level 1:colcon.colcon_core.package_identification:_identify(src/planning) by extensions ['colcon_pkg']
[0.437s] Level 1:colcon.colcon_core.package_identification:_identify(src/planning) by extension 'colcon_pkg'
[0.438s] Level 1:colcon.colcon_core.package_identification:_identify(src/planning) by extensions ['colcon_meta']
[0.438s] Level 1:colcon.colcon_core.package_identification:_identify(src/planning) by extension 'colcon_meta'
[0.438s] Level 1:colcon.colcon_core.package_identification:_identify(src/planning) by extensions ['ros']
[0.438s] Level 1:colcon.colcon_core.package_identification:_identify(src/planning) by extension 'ros'
[0.443s] DEBUG:colcon.colcon_core.package_identification:Package 'src/planning' with type 'ros.ament_python' and name 'planning'
[0.443s] Level 1:colcon.colcon_core.package_discovery:discover_packages(recursive) using defaults
[0.443s] Level 1:colcon.colcon_core.package_discovery:discover_packages(ignore) discover
[0.444s] Level 1:colcon.colcon_core.package_discovery:discover_packages(ignore) using defaults
[0.444s] Level 1:colcon.colcon_core.package_discovery:discover_packages(path) discover
[0.444s] Level 1:colcon.colcon_core.package_discovery:discover_packages(path) using defaults
[0.490s] Level 5:colcon.colcon_core.verb:set package 'perception' build argument 'cmake_args' from command line to 'None'
[0.490s] Level 5:colcon.colcon_core.verb:set package 'perception' build argument 'cmake_target' from command line to 'None'
[0.490s] Level 5:colcon.colcon_core.verb:set package 'perception' build argument 'cmake_target_skip_unavailable' from command line to 'False'
[0.490s] Level 5:colcon.colcon_core.verb:set package 'perception' build argument 'cmake_clean_cache' from command line to 'False'
[0.490s] Level 5:colcon.colcon_core.verb:set package 'perception' build argument 'cmake_clean_first' from command line to 'False'
[0.490s] Level 5:colcon.colcon_core.verb:set package 'perception' build argument 'cmake_force_configure' from command line to 'False'
[0.490s] Level 5:colcon.colcon_core.verb:set package 'perception' build argument 'ament_cmake_args' from command line to 'None'
[0.490s] Level 5:colcon.colcon_core.verb:set package 'perception' build argument 'catkin_cmake_args' from command line to 'None'
[0.491s] Level 5:colcon.colcon_core.verb:set package 'perception' build argument 'catkin_skip_building_tests' from command line to 'False'
[0.491s] DEBUG:colcon.colcon_core.verb:Building package 'perception' with the following arguments: {'ament_cmake_args': None, 'build_base': '/home/cc/ee106a/sp26/class/ee106a-abh/final_project/project/build/perception', 'catkin_cmake_args': None, 'catkin_skip_building_tests': False, 'cmake_args': None, 'cmake_clean_cache': False, 'cmake_clean_first': False, 'cmake_force_configure': False, 'cmake_target': None, 'cmake_target_skip_unavailable': False, 'install_base': '/home/cc/ee106a/sp26/class/ee106a-abh/final_project/project/install/perception', 'merge_install': False, 'path': '/home/cc/ee106a/sp26/class/ee106a-abh/final_project/project/src/perception', 'symlink_install': False, 'test_result_base': None}
[0.492s] Level 5:colcon.colcon_core.verb:set package 'planning' build argument 'cmake_args' from command line to 'None'
[0.492s] Level 5:colcon.colcon_core.verb:set package 'planning' build argument 'cmake_target' from command line to 'None'
[0.492s] Level 5:colcon.colcon_core.verb:set package 'planning' build argument 'cmake_target_skip_unavailable' from command line to 'False'
[0.492s] Level 5:colcon.colcon_core.verb:set package 'planning' build argument 'cmake_clean_cache' from command line to 'False'
[0.492s] Level 5:colcon.colcon_core.verb:set package 'planning' build argument 'cmake_clean_first' from command line to 'False'
[0.492s] Level 5:colcon.colcon_core.verb:set package 'planning' build argument 'cmake_force_configure' from command line to 'False'
[0.492s] Level 5:colcon.colcon_core.verb:set package 'planning' build argument 'ament_cmake_args' from command line to 'None'
[0.493s] Level 5:colcon.colcon_core.verb:set package 'planning' build argument 'catkin_cmake_args' from command line to 'None'
[0.493s] Level 5:colcon.colcon_core.verb:set package 'planning' build argument 'catkin_skip_building_tests' from command line to 'False'
[0.493s] DEBUG:colcon.colcon_core.verb:Building package 'planning' with the following arguments: {'ament_cmake_args': None, 'build_base': '/home/cc/ee106a/sp26/class/ee106a-abh/final_project/project/build/planning', 'catkin_cmake_args': None, 'catkin_skip_building_tests': False, 'cmake_args': None, 'cmake_clean_cache': False, 'cmake_clean_first': False, 'cmake_force_configure': False, 'cmake_target': None, 'cmake_target_skip_unavailable': False, 'install_base': '/home/cc/ee106a/sp26/class/ee106a-abh/final_project/project/install/planning', 'merge_install': False, 'path': '/home/cc/ee106a/sp26/class/ee106a-abh/final_project/project/src/planning', 'symlink_install': False, 'test_result_base': None}
[0.493s] INFO:colcon.colcon_core.executor:Executing jobs using 'parallel' executor
[0.494s] DEBUG:colcon.colcon_parallel_executor.executor.parallel:run_until_complete
[0.496s] INFO:colcon.colcon_ros.task.ament_python.build:Building ROS package in '/home/cc/ee106a/sp26/class/ee106a-abh/final_project/project/src/perception' with build type 'ament_python'
[0.496s] Level 1:colcon.colcon_core.shell:create_environment_hook('perception', 'ament_prefix_path')
[0.505s] INFO:colcon.colcon_core.plugin_system:Skipping extension 'colcon_core.shell.bat': Not used on non-Windows systems
[0.505s] INFO:colcon.colcon_core.shell:Creating environment hook '/home/cc/ee106a/sp26/class/ee106a-abh/final_project/project/install/perception/share/perception/hook/ament_prefix_path.ps1'
[0.510s] INFO:colcon.colcon_core.shell:Creating environment descriptor '/home/cc/ee106a/sp26/class/ee106a-abh/final_project/project/install/perception/share/perception/hook/ament_prefix_path.dsv'
[0.513s] INFO:colcon.colcon_core.shell:Creating environment hook '/home/cc/ee106a/sp26/class/ee106a-abh/final_project/project/install/perception/share/perception/hook/ament_prefix_path.sh'
[0.516s] INFO:colcon.colcon_core.shell:Skip shell extension 'powershell' for command environment: Not usable outside of PowerShell
[0.516s] DEBUG:colcon.colcon_core.shell:Skip shell extension 'dsv' for command environment
[0.537s] INFO:colcon.colcon_ros.task.ament_python.build:Building ROS package in '/home/cc/ee106a/sp26/class/ee106a-abh/final_project/project/src/planning' with build type 'ament_python'
[0.537s] Level 1:colcon.colcon_core.shell:create_environment_hook('planning', 'ament_prefix_path')
[0.538s] INFO:colcon.colcon_core.shell:Creating environment hook '/home/cc/ee106a/sp26/class/ee106a-abh/final_project/project/install/planning/share/planning/hook/ament_prefix_path.ps1'
[0.543s] INFO:colcon.colcon_core.shell:Creating environment descriptor '/home/cc/ee106a/sp26/class/ee106a-abh/final_project/project/install/planning/share/planning/hook/ament_prefix_path.dsv'
[0.545s] INFO:colcon.colcon_core.shell:Creating environment hook '/home/cc/ee106a/sp26/class/ee106a-abh/final_project/project/install/planning/share/planning/hook/ament_prefix_path.sh'
[0.549s] INFO:colcon.colcon_core.shell:Skip shell extension 'powershell' for command environment: Not usable outside of PowerShell
[0.549s] DEBUG:colcon.colcon_core.shell:Skip shell extension 'dsv' for command environment
[0.806s] INFO:colcon.colcon_core.task.python.build:Building Python package in '/home/cc/ee106a/sp26/class/ee106a-abh/final_project/project/src/perception'
[0.806s] INFO:colcon.colcon_core.shell:Skip shell extension 'powershell' for command environment: Not usable outside of PowerShell
[0.807s] DEBUG:colcon.colcon_core.shell:Skip shell extension 'dsv' for command environment
[1.011s] INFO:colcon.colcon_core.task.python.build:Building Python package in '/home/cc/ee106a/sp26/class/ee106a-abh/final_project/project/src/planning'
[1.011s] INFO:colcon.colcon_core.shell:Skip shell extension 'powershell' for command environment: Not usable outside of PowerShell
[1.012s] DEBUG:colcon.colcon_core.shell:Skip shell extension 'dsv' for command environment
[1.468s] DEBUG:colcon.colcon_core.event_handler.log_command:Invoking command in '/home/cc/ee106a/sp26/class/ee106a-abh/final_project/project/src/perception': PYTHONPATH=/home/cc/ee106a/sp26/class/ee106a-abh/final_project/project/build/perception/prefix_override:/usr/lib/python3/dist-packages/colcon_core/task/python/colcon_distutils_commands:/home/cc/ee106a/sp26/class/ee106a-abh/final_project/project/install/perception/lib/python3.10/site-packages:${PYTHONPATH} /usr/bin/python3 -W ignore:setup.py install is deprecated -W ignore:easy_install command is deprecated setup.py egg_info --egg-base ../../build/perception build --build-base /home/cc/ee106a/sp26/class/ee106a-abh/final_project/project/build/perception/build install --record /home/cc/ee106a/sp26/class/ee106a-abh/final_project/project/build/perception/install.log --single-version-externally-managed install_data
[1.474s] DEBUG:colcon.colcon_core.event_handler.log_command:Invoking command in '/home/cc/ee106a/sp26/class/ee106a-abh/final_project/project/src/planning': PYTHONPATH=/home/cc/ee106a/sp26/class/ee106a-abh/final_project/project/build/planning/prefix_override:/usr/lib/python3/dist-packages/colcon_core/task/python/colcon_distutils_commands:/home/cc/ee106a/sp26/class/ee106a-abh/final_project/project/install/planning/lib/python3.10/site-packages:${PYTHONPATH} /usr/bin/python3 -W ignore:setup.py install is deprecated -W ignore:easy_install command is deprecated setup.py egg_info --egg-base ../../build/planning build --build-base /home/cc/ee106a/sp26/class/ee106a-abh/final_project/project/build/planning/build install --record /home/cc/ee106a/sp26/class/ee106a-abh/final_project/project/build/planning/install.log --single-version-externally-managed install_data
[1.787s] DEBUG:colcon.colcon_core.event_handler.log_command:Invoked command in '/home/cc/ee106a/sp26/class/ee106a-abh/final_project/project/src/perception' returned '0': PYTHONPATH=/home/cc/ee106a/sp26/class/ee106a-abh/final_project/project/build/perception/prefix_override:/usr/lib/python3/dist-packages/colcon_core/task/python/colcon_distutils_commands:/home/cc/ee106a/sp26/class/ee106a-abh/final_project/project/install/perception/lib/python3.10/site-packages:${PYTHONPATH} /usr/bin/python3 -W ignore:setup.py install is deprecated -W ignore:easy_install command is deprecated setup.py egg_info --egg-base ../../build/perception build --build-base /home/cc/ee106a/sp26/class/ee106a-abh/final_project/project/build/perception/build install --record /home/cc/ee106a/sp26/class/ee106a-abh/final_project/project/build/perception/install.log --single-version-externally-managed install_data
[1.792s] Level 1:colcon.colcon_core.environment:checking '/home/cc/ee106a/sp26/class/ee106a-abh/final_project/project/install/perception' for CMake module files
[1.796s] Level 1:colcon.colcon_core.environment:checking '/home/cc/ee106a/sp26/class/ee106a-abh/final_project/project/install/perception' for CMake config files
[1.801s] Level 1:colcon.colcon_core.environment:checking '/home/cc/ee106a/sp26/class/ee106a-abh/final_project/project/install/perception/lib'
[1.801s] Level 1:colcon.colcon_core.environment:checking '/home/cc/ee106a/sp26/class/ee106a-abh/final_project/project/install/perception/bin'
[1.801s] Level 1:colcon.colcon_core.environment:checking '/home/cc/ee106a/sp26/class/ee106a-abh/final_project/project/install/perception/lib/pkgconfig/perception.pc'
[1.802s] Level 1:colcon.colcon_core.environment:checking '/home/cc/ee106a/sp26/class/ee106a-abh/final_project/project/install/perception/lib/python3.10/site-packages'
[1.802s] Level 1:colcon.colcon_core.shell:create_environment_hook('perception', 'pythonpath')
[1.803s] INFO:colcon.colcon_core.shell:Creating environment hook '/home/cc/ee106a/sp26/class/ee106a-abh/final_project/project/install/perception/share/perception/hook/pythonpath.ps1'
[1.805s] INFO:colcon.colcon_core.shell:Creating environment descriptor '/home/cc/ee106a/sp26/class/ee106a-abh/final_project/project/install/perception/share/perception/hook/pythonpath.dsv'
[1.807s] INFO:colcon.colcon_core.shell:Creating environment hook '/home/cc/ee106a/sp26/class/ee106a-abh/final_project/project/install/perception/share/perception/hook/pythonpath.sh'
[1.810s] Level 1:colcon.colcon_core.environment:checking '/home/cc/ee106a/sp26/class/ee106a-abh/final_project/project/install/perception/bin'
[1.810s] Level 1:colcon.colcon_core.environment:create_environment_scripts_only(perception)
[1.811s] INFO:colcon.colcon_core.shell:Creating package script '/home/cc/ee106a/sp26/class/ee106a-abh/final_project/project/install/perception/share/perception/package.ps1'
[1.815s] INFO:colcon.colcon_core.shell:Creating package descriptor '/home/cc/ee106a/sp26/class/ee106a-abh/final_project/project/install/perception/share/perception/package.dsv'
[1.818s] INFO:colcon.colcon_core.shell:Creating package script '/home/cc/ee106a/sp26/class/ee106a-abh/final_project/project/install/perception/share/perception/package.sh'
[1.821s] INFO:colcon.colcon_core.shell:Creating package script '/home/cc/ee106a/sp26/class/ee106a-abh/final_project/project/install/perception/share/perception/package.bash'
[1.824s] INFO:colcon.colcon_core.shell:Creating package script '/home/cc/ee106a/sp26/class/ee106a-abh/final_project/project/install/perception/share/perception/package.zsh'
[1.828s] Level 1:colcon.colcon_core.environment:create_file_with_runtime_dependencies(/home/cc/ee106a/sp26/class/ee106a-abh/final_project/project/install/perception/share/colcon-core/packages/perception)
[1.830s] Level 1:colcon.colcon_core.environment:checking '/home/cc/ee106a/sp26/class/ee106a-abh/final_project/project/install/planning' for CMake module files
[1.834s] DEBUG:colcon.colcon_core.event_handler.log_command:Invoked command in '/home/cc/ee106a/sp26/class/ee106a-abh/final_project/project/src/planning' returned '0': PYTHONPATH=/home/cc/ee106a/sp26/class/ee106a-abh/final_project/project/build/planning/prefix_override:/usr/lib/python3/dist-packages/colcon_core/task/python/colcon_distutils_commands:/home/cc/ee106a/sp26/class/ee106a-abh/final_project/project/install/planning/lib/python3.10/site-packages:${PYTHONPATH} /usr/bin/python3 -W ignore:setup.py install is deprecated -W ignore:easy_install command is deprecated setup.py egg_info --egg-base ../../build/planning build --build-base /home/cc/ee106a/sp26/class/ee106a-abh/final_project/project/build/planning/build install --record /home/cc/ee106a/sp26/class/ee106a-abh/final_project/project/build/planning/install.log --single-version-externally-managed install_data
[1.836s] Level 1:colcon.colcon_core.environment:checking '/home/cc/ee106a/sp26/class/ee106a-abh/final_project/project/install/planning' for CMake config files
[1.845s] Level 1:colcon.colcon_core.environment:checking '/home/cc/ee106a/sp26/class/ee106a-abh/final_project/project/install/planning/lib'
[1.845s] Level 1:colcon.colcon_core.environment:checking '/home/cc/ee106a/sp26/class/ee106a-abh/final_project/project/install/planning/bin'
[1.845s] Level 1:colcon.colcon_core.environment:checking '/home/cc/ee106a/sp26/class/ee106a-abh/final_project/project/install/planning/lib/pkgconfig/planning.pc'
[1.846s] Level 1:colcon.colcon_core.environment:checking '/home/cc/ee106a/sp26/class/ee106a-abh/final_project/project/install/planning/lib/python3.10/site-packages'
[1.846s] Level 1:colcon.colcon_core.shell:create_environment_hook('planning', 'pythonpath')
[1.847s] INFO:colcon.colcon_core.shell:Creating environment hook '/home/cc/ee106a/sp26/class/ee106a-abh/final_project/project/install/planning/share/planning/hook/pythonpath.ps1'
[1.850s] INFO:colcon.colcon_core.shell:Creating environment descriptor '/home/cc/ee106a/sp26/class/ee106a-abh/final_project/project/install/planning/share/planning/hook/pythonpath.dsv'
[1.853s] INFO:colcon.colcon_core.shell:Creating environment hook '/home/cc/ee106a/sp26/class/ee106a-abh/final_project/project/install/planning/share/planning/hook/pythonpath.sh'
[1.856s] Level 1:colcon.colcon_core.environment:checking '/home/cc/ee106a/sp26/class/ee106a-abh/final_project/project/install/planning/bin'
[1.856s] Level 1:colcon.colcon_core.environment:create_environment_scripts_only(planning)
[1.857s] INFO:colcon.colcon_core.shell:Creating package script '/home/cc/ee106a/sp26/class/ee106a-abh/final_project/project/install/planning/share/planning/package.ps1'
[1.860s] INFO:colcon.colcon_core.shell:Creating package descriptor '/home/cc/ee106a/sp26/class/ee106a-abh/final_project/project/install/planning/share/planning/package.dsv'
[1.863s] INFO:colcon.colcon_core.shell:Creating package script '/home/cc/ee106a/sp26/class/ee106a-abh/final_project/project/install/planning/share/planning/package.sh'
[1.865s] INFO:colcon.colcon_core.shell:Creating package script '/home/cc/ee106a/sp26/class/ee106a-abh/final_project/project/install/planning/share/planning/package.bash'
[1.867s] INFO:colcon.colcon_core.shell:Creating package script '/home/cc/ee106a/sp26/class/ee106a-abh/final_project/project/install/planning/share/planning/package.zsh'
[1.870s] Level 1:colcon.colcon_core.environment:create_file_with_runtime_dependencies(/home/cc/ee106a/sp26/class/ee106a-abh/final_project/project/install/planning/share/colcon-core/packages/planning)
[1.871s] DEBUG:colcon.colcon_parallel_executor.executor.parallel:closing loop
[1.871s] DEBUG:colcon.colcon_parallel_executor.executor.parallel:loop closed
[1.871s] DEBUG:colcon.colcon_parallel_executor.executor.parallel:run_until_complete finished with '0'
[1.872s] DEBUG:colcon.colcon_core.event_reactor:joining thread
[1.898s] INFO:colcon.colcon_core.plugin_system:Skipping extension 'colcon_notification.desktop_notification.notify_send': Could not find 'notify-send'
[1.898s] INFO:colcon.colcon_core.plugin_system:Skipping extension 'colcon_notification.desktop_notification.terminal_notifier': Not used on non-Darwin systems
[1.898s] INFO:colcon.colcon_core.plugin_system:Skipping extension 'colcon_notification.desktop_notification.win32': Not used on non-Windows systems
[1.899s] INFO:colcon.colcon_notification.desktop_notification:Sending desktop notification using 'notify2'
[2.050s] DEBUG:colcon.colcon_core.event_reactor:joined thread
[2.050s] INFO:colcon.colcon_core.shell:Creating prefix script '/home/cc/ee106a/sp26/class/ee106a-abh/final_project/project/install/local_setup.ps1'
[2.053s] INFO:colcon.colcon_core.shell:Creating prefix util module '/home/cc/ee106a/sp26/class/ee106a-abh/final_project/project/install/_local_setup_util_ps1.py'
[2.056s] INFO:colcon.colcon_core.shell:Creating prefix chain script '/home/cc/ee106a/sp26/class/ee106a-abh/final_project/project/install/setup.ps1'
[2.060s] INFO:colcon.colcon_core.shell:Creating prefix script '/home/cc/ee106a/sp26/class/ee106a-abh/final_project/project/install/local_setup.sh'
[2.062s] INFO:colcon.colcon_core.shell:Creating prefix util module '/home/cc/ee106a/sp26/class/ee106a-abh/final_project/project/install/_local_setup_util_sh.py'
[2.065s] INFO:colcon.colcon_core.shell:Creating prefix chain script '/home/cc/ee106a/sp26/class/ee106a-abh/final_project/project/install/setup.sh'
[2.070s] INFO:colcon.colcon_core.shell:Creating prefix script '/home/cc/ee106a/sp26/class/ee106a-abh/final_project/project/install/local_setup.bash'
[2.073s] INFO:colcon.colcon_core.shell:Creating prefix chain script '/home/cc/ee106a/sp26/class/ee106a-abh/final_project/project/install/setup.bash'
[2.078s] INFO:colcon.colcon_core.shell:Creating prefix script '/home/cc/ee106a/sp26/class/ee106a-abh/final_project/project/install/local_setup.zsh'
[2.082s] INFO:colcon.colcon_core.shell:Creating prefix chain script '/home/cc/ee106a/sp26/class/ee106a-abh/final_project/project/install/setup.zsh'
