running egg_info
writing ../../build/planning/planning.egg-info/PKG-INFO
writing dependency_links to ../../build/planning/planning.egg-info/dependency_links.txt
writing entry points to ../../build/planning/planning.egg-info/entry_points.txt
writing requirements to ../../build/planning/planning.egg-info/requires.txt
writing top-level names to ../../build/planning/planning.egg-info/top_level.txt
reading manifest file '../../build/planning/planning.egg-info/SOURCES.txt'
writing manifest file '../../build/planning/planning.egg-info/SOURCES.txt'
running build
running build_py
copying planning/game_manager.py -> /home/varin/106a/project/build/planning/build/lib/planning
copying planning/main.py -> /home/varin/106a/project/build/planning/build/lib/planning
running install
running install_lib
copying /home/varin/106a/project/build/planning/build/lib/planning/game_manager.py -> /home/varin/106a/project/install/planning/lib/python3.10/site-packages/planning
copying /home/varin/106a/project/build/planning/build/lib/planning/main.py -> /home/varin/106a/project/install/planning/lib/python3.10/site-packages/planning
byte-compiling /home/varin/106a/project/install/planning/lib/python3.10/site-packages/planning/game_manager.py to game_manager.cpython-310.pyc
byte-compiling /home/varin/106a/project/install/planning/lib/python3.10/site-packages/planning/main.py to main.cpython-310.pyc
byte-compiling /home/varin/106a/project/install/planning/lib/python3.10/site-packages/planning/ik.py to ik.cpython-310.pyc
running install_data
copying launch/project_bringup.launch.py -> /home/varin/106a/project/install/planning/share/planning/launch
running install_egg_info
removing '/home/varin/106a/project/install/planning/lib/python3.10/site-packages/planning-0.0.0-py3.10.egg-info' (and everything under it)
Copying ../../build/planning/planning.egg-info to /home/varin/106a/project/install/planning/lib/python3.10/site-packages/planning-0.0.0-py3.10.egg-info
running install_scripts
Installing game_manager script to /home/varin/106a/project/install/planning/lib/planning
Installing gripper script to /home/varin/106a/project/install/planning/lib/planning
Installing ik script to /home/varin/106a/project/install/planning/lib/planning
Installing main script to /home/varin/106a/project/install/planning/lib/planning
Installing tf script to /home/varin/106a/project/install/planning/lib/planning
Installing transform_cube_pose script to /home/varin/106a/project/install/planning/lib/planning
writing list of installed files to '/home/varin/106a/project/build/planning/install.log'
