[0.937s] Invoking command in '/home/varin/106a/project/src/perception': PYTHONPATH=/home/varin/106a/project/build/perception/prefix_override:/usr/lib/python3/dist-packages/colcon_core/task/python/colcon_distutils_commands:/home/varin/106a/project/install/perception/lib/python3.10/site-packages:${PYTHONPATH} /usr/bin/python3 -W ignore:setup.py install is deprecated -W ignore:easy_install command is deprecated setup.py egg_info --egg-base ../../build/perception build --build-base /home/varin/106a/project/build/perception/build install --record /home/varin/106a/project/build/perception/install.log --single-version-externally-managed install_data
[1.200s] running egg_info
[1.202s] writing ../../build/perception/perception.egg-info/PKG-INFO
[1.202s] writing dependency_links to ../../build/perception/perception.egg-info/dependency_links.txt
[1.202s] writing entry points to ../../build/perception/perception.egg-info/entry_points.txt
[1.202s] writing requirements to ../../build/perception/perception.egg-info/requires.txt
[1.202s] writing top-level names to ../../build/perception/perception.egg-info/top_level.txt
[1.204s] reading manifest file '../../build/perception/perception.egg-info/SOURCES.txt'
[1.206s] writing manifest file '../../build/perception/perception.egg-info/SOURCES.txt'
[1.206s] running build
[1.206s] running build_py
[1.206s] running install
[1.207s] running install_lib
[1.208s] running install_data
[1.208s] running install_egg_info
[1.210s] removing '/home/varin/106a/project/install/perception/lib/python3.10/site-packages/perception-0.0.0-py3.10.egg-info' (and everything under it)
[1.211s] Copying ../../build/perception/perception.egg-info to /home/varin/106a/project/install/perception/lib/python3.10/site-packages/perception-0.0.0-py3.10.egg-info
[1.213s] running install_scripts
[1.239s] Installing interactive_plane script to /home/varin/106a/project/install/perception/lib/perception
[1.239s] Installing process_pointcloud script to /home/varin/106a/project/install/perception/lib/perception
[1.240s] writing list of installed files to '/home/varin/106a/project/build/perception/install.log'
[1.280s] Invoked command in '/home/varin/106a/project/src/perception' returned '0': PYTHONPATH=/home/varin/106a/project/build/perception/prefix_override:/usr/lib/python3/dist-packages/colcon_core/task/python/colcon_distutils_commands:/home/varin/106a/project/install/perception/lib/python3.10/site-packages:${PYTHONPATH} /usr/bin/python3 -W ignore:setup.py install is deprecated -W ignore:easy_install command is deprecated setup.py egg_info --egg-base ../../build/perception build --build-base /home/varin/106a/project/build/perception/build install --record /home/varin/106a/project/build/perception/install.log --single-version-externally-managed install_data
