[0.862s] Invoking command in '/home/cc/ee106a/sp26/class/ee106a-abh/final_project/lab5/src/perception': PYTHONPATH=/home/cc/ee106a/sp26/class/ee106a-abh/final_project/lab5/build/perception/prefix_override:/usr/lib/python3/dist-packages/colcon_core/task/python/colcon_distutils_commands:/home/cc/ee106a/sp26/class/ee106a-abh/final_project/lab5/install/perception/lib/python3.10/site-packages:${PYTHONPATH} /usr/bin/python3 -W ignore:setup.py install is deprecated -W ignore:easy_install command is deprecated setup.py egg_info --egg-base ../../build/perception build --build-base /home/cc/ee106a/sp26/class/ee106a-abh/final_project/lab5/build/perception/build install --record /home/cc/ee106a/sp26/class/ee106a-abh/final_project/lab5/build/perception/install.log --single-version-externally-managed install_data
[1.062s] running egg_info
[1.063s] writing ../../build/perception/perception.egg-info/PKG-INFO
[1.067s] writing dependency_links to ../../build/perception/perception.egg-info/dependency_links.txt
[1.070s] writing entry points to ../../build/perception/perception.egg-info/entry_points.txt
[1.072s] writing requirements to ../../build/perception/perception.egg-info/requires.txt
[1.074s] writing top-level names to ../../build/perception/perception.egg-info/top_level.txt
[1.078s] reading manifest file '../../build/perception/perception.egg-info/SOURCES.txt'
[1.080s] writing manifest file '../../build/perception/perception.egg-info/SOURCES.txt'
[1.081s] running build
[1.081s] running build_py
[1.083s] running install
[1.083s] running install_lib
[1.085s] running install_data
[1.086s] running install_egg_info
[1.088s] removing '/home/cc/ee106a/sp26/class/ee106a-abh/final_project/lab5/install/perception/lib/python3.10/site-packages/perception-0.0.0-py3.10.egg-info' (and everything under it)
[1.094s] Copying ../../build/perception/perception.egg-info to /home/cc/ee106a/sp26/class/ee106a-abh/final_project/lab5/install/perception/lib/python3.10/site-packages/perception-0.0.0-py3.10.egg-info
[1.125s] running install_scripts
[1.156s] Installing interactive_plane script to /home/cc/ee106a/sp26/class/ee106a-abh/final_project/lab5/install/perception/lib/perception
[1.158s] Installing process_pointcloud script to /home/cc/ee106a/sp26/class/ee106a-abh/final_project/lab5/install/perception/lib/perception
[1.161s] writing list of installed files to '/home/cc/ee106a/sp26/class/ee106a-abh/final_project/lab5/build/perception/install.log'
[1.175s] Invoked command in '/home/cc/ee106a/sp26/class/ee106a-abh/final_project/lab5/src/perception' returned '0': PYTHONPATH=/home/cc/ee106a/sp26/class/ee106a-abh/final_project/lab5/build/perception/prefix_override:/usr/lib/python3/dist-packages/colcon_core/task/python/colcon_distutils_commands:/home/cc/ee106a/sp26/class/ee106a-abh/final_project/lab5/install/perception/lib/python3.10/site-packages:${PYTHONPATH} /usr/bin/python3 -W ignore:setup.py install is deprecated -W ignore:easy_install command is deprecated setup.py egg_info --egg-base ../../build/perception build --build-base /home/cc/ee106a/sp26/class/ee106a-abh/final_project/lab5/build/perception/build install --record /home/cc/ee106a/sp26/class/ee106a-abh/final_project/lab5/build/perception/install.log --single-version-externally-managed install_data
