[0.951s] Invoking command in '/home/cc/ee106a/sp26/class/ee106a-abh/final_project/lab5/src/planning': PYTHONPATH=/home/cc/ee106a/sp26/class/ee106a-abh/final_project/lab5/build/planning/prefix_override:/usr/lib/python3/dist-packages/colcon_core/task/python/colcon_distutils_commands:/home/cc/ee106a/sp26/class/ee106a-abh/final_project/lab5/install/planning/lib/python3.10/site-packages:${PYTHONPATH} /usr/bin/python3 -W ignore:setup.py install is deprecated -W ignore:easy_install command is deprecated setup.py egg_info --egg-base ../../build/planning build --build-base /home/cc/ee106a/sp26/class/ee106a-abh/final_project/lab5/build/planning/build install --record /home/cc/ee106a/sp26/class/ee106a-abh/final_project/lab5/build/planning/install.log --single-version-externally-managed install_data
[1.157s] running egg_info
[1.158s] creating ../../build/planning/planning.egg-info
[1.158s] writing ../../build/planning/planning.egg-info/PKG-INFO
[1.162s] writing dependency_links to ../../build/planning/planning.egg-info/dependency_links.txt
[1.165s] writing entry points to ../../build/planning/planning.egg-info/entry_points.txt
[1.166s] writing requirements to ../../build/planning/planning.egg-info/requires.txt
[1.168s] writing top-level names to ../../build/planning/planning.egg-info/top_level.txt
[1.171s] writing manifest file '../../build/planning/planning.egg-info/SOURCES.txt'
[1.182s] reading manifest file '../../build/planning/planning.egg-info/SOURCES.txt'
[1.185s] writing manifest file '../../build/planning/planning.egg-info/SOURCES.txt'
[1.186s] running build
[1.188s] running build_py
[1.189s] creating /home/cc/ee106a/sp26/class/ee106a-abh/final_project/lab5/build/planning/build
[1.189s] creating /home/cc/ee106a/sp26/class/ee106a-abh/final_project/lab5/build/planning/build/lib
[1.190s] creating /home/cc/ee106a/sp26/class/ee106a-abh/final_project/lab5/build/planning/build/lib/planning
[1.190s] copying planning/__init__.py -> /home/cc/ee106a/sp26/class/ee106a-abh/final_project/lab5/build/planning/build/lib/planning
[1.193s] copying planning/ik.py -> /home/cc/ee106a/sp26/class/ee106a-abh/final_project/lab5/build/planning/build/lib/planning
[1.200s] copying planning/main.py -> /home/cc/ee106a/sp26/class/ee106a-abh/final_project/lab5/build/planning/build/lib/planning
[1.202s] copying planning/static_tf_transform.py -> /home/cc/ee106a/sp26/class/ee106a-abh/final_project/lab5/build/planning/build/lib/planning
[1.205s] running install
[1.206s] running install_lib
[1.209s] creating /home/cc/ee106a/sp26/class/ee106a-abh/final_project/lab5/install/planning/lib/python3.10/site-packages/planning
[1.211s] copying /home/cc/ee106a/sp26/class/ee106a-abh/final_project/lab5/build/planning/build/lib/planning/__init__.py -> /home/cc/ee106a/sp26/class/ee106a-abh/final_project/lab5/install/planning/lib/python3.10/site-packages/planning
[1.215s] copying /home/cc/ee106a/sp26/class/ee106a-abh/final_project/lab5/build/planning/build/lib/planning/ik.py -> /home/cc/ee106a/sp26/class/ee106a-abh/final_project/lab5/install/planning/lib/python3.10/site-packages/planning
[1.220s] copying /home/cc/ee106a/sp26/class/ee106a-abh/final_project/lab5/build/planning/build/lib/planning/main.py -> /home/cc/ee106a/sp26/class/ee106a-abh/final_project/lab5/install/planning/lib/python3.10/site-packages/planning
[1.224s] copying /home/cc/ee106a/sp26/class/ee106a-abh/final_project/lab5/build/planning/build/lib/planning/static_tf_transform.py -> /home/cc/ee106a/sp26/class/ee106a-abh/final_project/lab5/install/planning/lib/python3.10/site-packages/planning
[1.231s] byte-compiling /home/cc/ee106a/sp26/class/ee106a-abh/final_project/lab5/install/planning/lib/python3.10/site-packages/planning/__init__.py to __init__.cpython-310.pyc
[1.237s] byte-compiling /home/cc/ee106a/sp26/class/ee106a-abh/final_project/lab5/install/planning/lib/python3.10/site-packages/planning/ik.py to ik.cpython-310.pyc
[1.244s] byte-compiling /home/cc/ee106a/sp26/class/ee106a-abh/final_project/lab5/install/planning/lib/python3.10/site-packages/planning/main.py to main.cpython-310.pyc
[1.250s] byte-compiling /home/cc/ee106a/sp26/class/ee106a-abh/final_project/lab5/install/planning/lib/python3.10/site-packages/planning/static_tf_transform.py to static_tf_transform.cpython-310.pyc
[1.255s] running install_data
[1.256s] creating /home/cc/ee106a/sp26/class/ee106a-abh/final_project/lab5/install/planning/share/ament_index
[1.258s] creating /home/cc/ee106a/sp26/class/ee106a-abh/final_project/lab5/install/planning/share/ament_index/resource_index
[1.260s] creating /home/cc/ee106a/sp26/class/ee106a-abh/final_project/lab5/install/planning/share/ament_index/resource_index/packages
[1.260s] copying resource/planning -> /home/cc/ee106a/sp26/class/ee106a-abh/final_project/lab5/install/planning/share/ament_index/resource_index/packages
[1.263s] copying package.xml -> /home/cc/ee106a/sp26/class/ee106a-abh/final_project/lab5/install/planning/share/planning
[1.267s] creating /home/cc/ee106a/sp26/class/ee106a-abh/final_project/lab5/install/planning/share/planning/launch
[1.268s] copying launch/lab5_bringup.launch.py -> /home/cc/ee106a/sp26/class/ee106a-abh/final_project/lab5/install/planning/share/planning/launch
[1.272s] running install_egg_info
[1.277s] Copying ../../build/planning/planning.egg-info to /home/cc/ee106a/sp26/class/ee106a-abh/final_project/lab5/install/planning/lib/python3.10/site-packages/planning-0.0.0-py3.10.egg-info
[1.309s] running install_scripts
[1.333s] Installing gripper script to /home/cc/ee106a/sp26/class/ee106a-abh/final_project/lab5/install/planning/lib/planning
[1.336s] Installing ik script to /home/cc/ee106a/sp26/class/ee106a-abh/final_project/lab5/install/planning/lib/planning
[1.338s] Installing main script to /home/cc/ee106a/sp26/class/ee106a-abh/final_project/lab5/install/planning/lib/planning
[1.340s] Installing tf script to /home/cc/ee106a/sp26/class/ee106a-abh/final_project/lab5/install/planning/lib/planning
[1.342s] Installing transform_cube_pose script to /home/cc/ee106a/sp26/class/ee106a-abh/final_project/lab5/install/planning/lib/planning
[1.344s] writing list of installed files to '/home/cc/ee106a/sp26/class/ee106a-abh/final_project/lab5/build/planning/install.log'
[1.402s] Invoked command in '/home/cc/ee106a/sp26/class/ee106a-abh/final_project/lab5/src/planning' returned '0': PYTHONPATH=/home/cc/ee106a/sp26/class/ee106a-abh/final_project/lab5/build/planning/prefix_override:/usr/lib/python3/dist-packages/colcon_core/task/python/colcon_distutils_commands:/home/cc/ee106a/sp26/class/ee106a-abh/final_project/lab5/install/planning/lib/python3.10/site-packages:${PYTHONPATH} /usr/bin/python3 -W ignore:setup.py install is deprecated -W ignore:easy_install command is deprecated setup.py egg_info --egg-base ../../build/planning build --build-base /home/cc/ee106a/sp26/class/ee106a-abh/final_project/lab5/build/planning/build install --record /home/cc/ee106a/sp26/class/ee106a-abh/final_project/lab5/build/planning/install.log --single-version-externally-managed install_data
