[1.440s] Invoking command in '/home/varin/106a/project/src/planning': PYTHONPATH=/home/varin/106a/project/build/planning/prefix_override:/usr/lib/python3/dist-packages/colcon_core/task/python/colcon_distutils_commands:/home/varin/106a/project/install/planning/lib/python3.10/site-packages:${PYTHONPATH} /usr/bin/python3 -W ignore:setup.py install is deprecated -W ignore:easy_install command is deprecated setup.py egg_info --egg-base ../../build/planning build --build-base /home/varin/106a/project/build/planning/build install --record /home/varin/106a/project/build/planning/install.log --single-version-externally-managed install_data
[1.684s] running egg_info
[1.685s] writing ../../build/planning/planning.egg-info/PKG-INFO
[1.686s] writing dependency_links to ../../build/planning/planning.egg-info/dependency_links.txt
[1.686s] writing entry points to ../../build/planning/planning.egg-info/entry_points.txt
[1.686s] writing requirements to ../../build/planning/planning.egg-info/requires.txt
[1.687s] writing top-level names to ../../build/planning/planning.egg-info/top_level.txt
[1.690s] reading manifest file '../../build/planning/planning.egg-info/SOURCES.txt'
[1.691s] writing manifest file '../../build/planning/planning.egg-info/SOURCES.txt'
[1.691s] running build
[1.692s] running build_py
[1.692s] copying planning/game_manager.py -> /home/varin/106a/project/build/planning/build/lib/planning
[1.692s] copying planning/main.py -> /home/varin/106a/project/build/planning/build/lib/planning
[1.693s] copying planning/ik.py -> /home/varin/106a/project/build/planning/build/lib/planning
[1.694s] running install
[1.694s] running install_lib
[1.696s] copying /home/varin/106a/project/build/planning/build/lib/planning/game_manager.py -> /home/varin/106a/project/install/planning/lib/python3.10/site-packages/planning
[1.697s] copying /home/varin/106a/project/build/planning/build/lib/planning/main.py -> /home/varin/106a/project/install/planning/lib/python3.10/site-packages/planning
[1.697s] copying /home/varin/106a/project/build/planning/build/lib/planning/ik.py -> /home/varin/106a/project/install/planning/lib/python3.10/site-packages/planning
[1.698s] byte-compiling /home/varin/106a/project/install/planning/lib/python3.10/site-packages/planning/game_manager.py to game_manager.cpython-310.pyc
[1.703s] byte-compiling /home/varin/106a/project/install/planning/lib/python3.10/site-packages/planning/static_tf_transform.py to static_tf_transform.cpython-310.pyc
[1.704s] byte-compiling /home/varin/106a/project/install/planning/lib/python3.10/site-packages/planning/main.py to main.cpython-310.pyc
[1.706s] byte-compiling /home/varin/106a/project/install/planning/lib/python3.10/site-packages/planning/ik.py to ik.cpython-310.pyc
[1.707s] byte-compiling /home/varin/106a/project/install/planning/lib/python3.10/site-packages/planning/__init__.py to __init__.cpython-310.pyc
[1.707s] running install_data
[1.708s] copying launch/project_bringup.launch.py -> /home/varin/106a/project/install/planning/share/planning/launch
[1.708s] creating /home/varin/106a/project/install/planning/share/planning/logic
[1.709s] copying ../logic/game_logic.py -> /home/varin/106a/project/install/planning/share/planning/logic
[1.709s] running install_egg_info
[1.712s] removing '/home/varin/106a/project/install/planning/lib/python3.10/site-packages/planning-0.0.0-py3.10.egg-info' (and everything under it)
[1.713s] Copying ../../build/planning/planning.egg-info to /home/varin/106a/project/install/planning/lib/python3.10/site-packages/planning-0.0.0-py3.10.egg-info
[1.716s] running install_scripts
[1.737s] Installing game_manager script to /home/varin/106a/project/install/planning/lib/planning
[1.738s] Installing gripper script to /home/varin/106a/project/install/planning/lib/planning
[1.738s] Installing ik script to /home/varin/106a/project/install/planning/lib/planning
[1.739s] Installing main script to /home/varin/106a/project/install/planning/lib/planning
[1.739s] Installing tf script to /home/varin/106a/project/install/planning/lib/planning
[1.739s] Installing transform_cube_pose script to /home/varin/106a/project/install/planning/lib/planning
[1.740s] writing list of installed files to '/home/varin/106a/project/build/planning/install.log'
[1.791s] Invoked command in '/home/varin/106a/project/src/planning' returned '0': PYTHONPATH=/home/varin/106a/project/build/planning/prefix_override:/usr/lib/python3/dist-packages/colcon_core/task/python/colcon_distutils_commands:/home/varin/106a/project/install/planning/lib/python3.10/site-packages:${PYTHONPATH} /usr/bin/python3 -W ignore:setup.py install is deprecated -W ignore:easy_install command is deprecated setup.py egg_info --egg-base ../../build/planning build --build-base /home/varin/106a/project/build/planning/build install --record /home/varin/106a/project/build/planning/install.log --single-version-externally-managed install_data
