[0.913s] Invoking command in '/home/cc/ee106a/sp26/class/ee106a-abh/final_project/project/src/planning': PYTHONPATH=/home/cc/ee106a/sp26/class/ee106a-abh/final_project/project/build/planning/prefix_override:/usr/lib/python3/dist-packages/colcon_core/task/python/colcon_distutils_commands:/home/cc/ee106a/sp26/class/ee106a-abh/final_project/project/install/planning/lib/python3.10/site-packages:${PYTHONPATH} /usr/bin/python3 -W ignore:setup.py install is deprecated -W ignore:easy_install command is deprecated setup.py egg_info --egg-base ../../build/planning build --build-base /home/cc/ee106a/sp26/class/ee106a-abh/final_project/project/build/planning/build install --record /home/cc/ee106a/sp26/class/ee106a-abh/final_project/project/build/planning/install.log --single-version-externally-managed install_data
[1.102s] running egg_info
[1.103s] writing ../../build/planning/planning.egg-info/PKG-INFO
[1.106s] writing dependency_links to ../../build/planning/planning.egg-info/dependency_links.txt
[1.109s] writing entry points to ../../build/planning/planning.egg-info/entry_points.txt
[1.112s] writing requirements to ../../build/planning/planning.egg-info/requires.txt
[1.114s] writing top-level names to ../../build/planning/planning.egg-info/top_level.txt
[1.121s] reading manifest file '../../build/planning/planning.egg-info/SOURCES.txt'
[1.124s] writing manifest file '../../build/planning/planning.egg-info/SOURCES.txt'
[1.125s] running build
[1.126s] running build_py
[1.127s] copying planning/main.py -> /home/cc/ee106a/sp26/class/ee106a-abh/final_project/project/build/planning/build/lib/planning
[1.134s] copying planning/game_manager.py -> /home/cc/ee106a/sp26/class/ee106a-abh/final_project/project/build/planning/build/lib/planning
[1.138s] running install
[1.139s] running install_lib
[1.144s] copying /home/cc/ee106a/sp26/class/ee106a-abh/final_project/project/build/planning/build/lib/planning/main.py -> /home/cc/ee106a/sp26/class/ee106a-abh/final_project/project/install/planning/lib/python3.10/site-packages/planning
[1.149s] copying /home/cc/ee106a/sp26/class/ee106a-abh/final_project/project/build/planning/build/lib/planning/game_manager.py -> /home/cc/ee106a/sp26/class/ee106a-abh/final_project/project/install/planning/lib/python3.10/site-packages/planning
[1.156s] byte-compiling /home/cc/ee106a/sp26/class/ee106a-abh/final_project/project/install/planning/lib/python3.10/site-packages/planning/main.py to main.cpython-310.pyc
[1.168s] byte-compiling /home/cc/ee106a/sp26/class/ee106a-abh/final_project/project/install/planning/lib/python3.10/site-packages/planning/game_manager.py to game_manager.cpython-310.pyc
[1.178s] running install_data
[1.180s] running install_egg_info
[1.185s] removing '/home/cc/ee106a/sp26/class/ee106a-abh/final_project/project/install/planning/lib/python3.10/site-packages/planning-0.0.0-py3.10.egg-info' (and everything under it)
[1.192s] Copying ../../build/planning/planning.egg-info to /home/cc/ee106a/sp26/class/ee106a-abh/final_project/project/install/planning/lib/python3.10/site-packages/planning-0.0.0-py3.10.egg-info
[1.226s] running install_scripts
[1.247s] Installing game_manager script to /home/cc/ee106a/sp26/class/ee106a-abh/final_project/project/install/planning/lib/planning
[1.249s] Installing gripper script to /home/cc/ee106a/sp26/class/ee106a-abh/final_project/project/install/planning/lib/planning
[1.252s] Installing ik script to /home/cc/ee106a/sp26/class/ee106a-abh/final_project/project/install/planning/lib/planning
[1.256s] Installing main script to /home/cc/ee106a/sp26/class/ee106a-abh/final_project/project/install/planning/lib/planning
[1.258s] Installing tf script to /home/cc/ee106a/sp26/class/ee106a-abh/final_project/project/install/planning/lib/planning
[1.261s] Installing transform_cube_pose script to /home/cc/ee106a/sp26/class/ee106a-abh/final_project/project/install/planning/lib/planning
[1.266s] writing list of installed files to '/home/cc/ee106a/sp26/class/ee106a-abh/final_project/project/build/planning/install.log'
[1.300s] Invoked command in '/home/cc/ee106a/sp26/class/ee106a-abh/final_project/project/src/planning' returned '0': PYTHONPATH=/home/cc/ee106a/sp26/class/ee106a-abh/final_project/project/build/planning/prefix_override:/usr/lib/python3/dist-packages/colcon_core/task/python/colcon_distutils_commands:/home/cc/ee106a/sp26/class/ee106a-abh/final_project/project/install/planning/lib/python3.10/site-packages:${PYTHONPATH} /usr/bin/python3 -W ignore:setup.py install is deprecated -W ignore:easy_install command is deprecated setup.py egg_info --egg-base ../../build/planning build --build-base /home/cc/ee106a/sp26/class/ee106a-abh/final_project/project/build/planning/build install --record /home/cc/ee106a/sp26/class/ee106a-abh/final_project/project/build/planning/install.log --single-version-externally-managed install_data
